Using pre-set license
Built from '2020.3/staging' branch; Version is '2020.3.29f1 (2ff179115da0) revision 3142009'; Using compiler version '192528614'; Build Type 'Release'
OS: 'Windows 10  (10.0.19044) 64bit CoreSingleLanguage' Language: 'es' Physical Memory: 12069 MB
BatchMode: 1, IsHumanControllingUs: 0, StartBugReporterOnCrash: 0, Is64bit: 1, IsPro: 0

COMMAND LINE ARGUMENTS:
C:\Program Files\Unity\Hub\Editor\2020.3.29f1\Editor\Unity.exe
-adb2
-batchMode
-noUpm
-name
AssetImportWorker1
-projectPath
C:/Users/matia/Documents/GitHub/unity-repository-example/Unity Example
-logFile
Logs/AssetImportWorker1.log
-srvPort
65047
Successfully changed project path to: C:/Users/matia/Documents/GitHub/unity-repository-example/Unity Example
C:/Users/matia/Documents/GitHub/unity-repository-example/Unity Example
Using Asset Import Pipeline V2.
Refreshing native plugins compatible for Editor in 42.73 ms, found 2 plugins.
Preloading 0 native plugins for Editor in 0.00 ms.
Initialize engine version: 2020.3.29f1 (2ff179115da0)
[Subsystems] Discovering subsystems at path C:/Program Files/Unity/Hub/Editor/2020.3.29f1/Editor/Data/Resources/UnitySubsystems
[Subsystems] Discovering subsystems at path C:/Users/matia/Documents/GitHub/unity-repository-example/Unity Example/Assets
GfxDevice: creating device client; threaded=0
Direct3D:
    Version:  Direct3D 11.0 [level 11.1]
    Renderer: Intel(R) UHD Graphics (ID=0x8a56)
    Vendor:   
    VRAM:     6034 MB
    Driver:   27.20.100.8935
Initialize mono
Mono path[0] = 'C:/Program Files/Unity/Hub/Editor/2020.3.29f1/Editor/Data/Managed'
Mono path[1] = 'C:/Program Files/Unity/Hub/Editor/2020.3.29f1/Editor/Data/MonoBleedingEdge/lib/mono/unityjit'
Mono config path = 'C:/Program Files/Unity/Hub/Editor/2020.3.29f1/Editor/Data/MonoBleedingEdge/etc'
Using monoOptions --debugger-agent=transport=dt_socket,embedding=1,server=y,suspend=n,address=127.0.0.1:56172
Begin MonoManager ReloadAssembly
Registering precompiled unity dll's ...
Register platform support module: C:/Program Files/Unity/Hub/Editor/2020.3.29f1/Editor/Data/PlaybackEngines/WindowsStandaloneSupport/UnityEditor.WindowsStandalone.Extensions.dll
Registered in 0.007084 seconds.
Native extension for WindowsStandalone target not found
Refreshing native plugins compatible for Editor in 41.39 ms, found 2 plugins.
Preloading 0 native plugins for Editor in 0.00 ms.
Mono: successfully reloaded assembly
- Completed reload, in  0.909 seconds
Domain Reload Profiling:
	ReloadAssembly (909ms)
		BeginReloadAssembly (104ms)
			ExecutionOrderSort (0ms)
			DisableScriptedObjects (0ms)
			BackupInstance (0ms)
			ReleaseScriptingObjects (0ms)
			CreateAndSetChildDomain (4ms)
		EndReloadAssembly (668ms)
			LoadAssemblies (98ms)
			RebuildTransferFunctionScriptingTraits (0ms)
			SetupTypeCache (279ms)
			ReleaseScriptCaches (0ms)
			RebuildScriptCaches (34ms)
			SetupLoadedEditorAssemblies (215ms)
				LogAssemblyErrors (0ms)
				InitializePlatformSupportModulesInManaged (6ms)
				SetLoadedEditorAssemblies (0ms)
				RefreshPlugins (41ms)
				BeforeProcessingInitializeOnLoad (21ms)
				ProcessInitializeOnLoadAttributes (107ms)
				ProcessInitializeOnLoadMethodAttributes (39ms)
				AfterProcessingInitializeOnLoad (0ms)
				EditorAssembliesLoaded (0ms)
			ExecutionOrderSort2 (0ms)
			AwakeInstancesAfterBackupRestoration (0ms)
Platform modules already initialized, skipping
Registering precompiled user dll's ...
Registered in 0.004414 seconds.
Begin MonoManager ReloadAssembly
Native extension for WindowsStandalone target not found
Refreshing native plugins compatible for Editor in 0.32 ms, found 2 plugins.
Preloading 0 native plugins for Editor in 0.00 ms.
Mono: successfully reloaded assembly
- Completed reload, in  1.380 seconds
Domain Reload Profiling:
	ReloadAssembly (1382ms)
		BeginReloadAssembly (211ms)
			ExecutionOrderSort (0ms)
			DisableScriptedObjects (5ms)
			BackupInstance (0ms)
			ReleaseScriptingObjects (0ms)
			CreateAndSetChildDomain (26ms)
		EndReloadAssembly (1091ms)
			LoadAssemblies (144ms)
			RebuildTransferFunctionScriptingTraits (0ms)
			SetupTypeCache (372ms)
			ReleaseScriptCaches (0ms)
			RebuildScriptCaches (56ms)
			SetupLoadedEditorAssemblies (420ms)
				LogAssemblyErrors (0ms)
				InitializePlatformSupportModulesInManaged (5ms)
				SetLoadedEditorAssemblies (0ms)
				RefreshPlugins (0ms)
				BeforeProcessingInitializeOnLoad (118ms)
				ProcessInitializeOnLoadAttributes (273ms)
				ProcessInitializeOnLoadMethodAttributes (16ms)
				AfterProcessingInitializeOnLoad (6ms)
				EditorAssembliesLoaded (1ms)
			ExecutionOrderSort2 (0ms)
			AwakeInstancesAfterBackupRestoration (6ms)
Platform modules already initialized, skipping
========================================================================
Worker process is ready to serve import requests
Launched and connected shader compiler UnityShaderCompiler.exe after 0.06 seconds
Refreshing native plugins compatible for Editor in 0.48 ms, found 2 plugins.
Preloading 0 native plugins for Editor in 0.00 ms.
Unloading 1504 Unused Serialized files (Serialized files now loaded: 0)
System memory in use before: 68.4 MB.
System memory in use after: 68.5 MB.

Unloading 16 unused Assets to reduce memory usage. Loaded Objects now: 1940.
Total: 6.732900 ms (FindLiveObjects: 0.205400 ms CreateObjectMapping: 0.094400 ms MarkObjects: 6.319000 ms  DeleteObjects: 0.111600 ms)

AssetImportParameters requested are different than current active one (requested -> active):
  custom:framework-win-MediaFoundation: 216162199b28c13a410421893ffa2e32 -> 
  custom:video-decoder-ogg-theora: a1e56fd34408186e4bbccfd4996cb3dc -> 
  custom:container-muxer-webm: aa71ff27fc2769a1b78a27578f13a17b -> 
  custom:container-demuxer-webm: 4f35f7cbe854078d1ac9338744f61a02 -> 
  custom:container-demuxer-ogg: 62fdf1f143b41e24485cea50d1cbac27 -> 
  custom:video-encoder-webm-vp8: eb34c28f22e8b96e1ab97ce403110664 -> 
  custom:video-decoder-webm-vp8: 9c59270c3fd7afecdb556c50c9e8de78 -> 
  custom:audio-decoder-ogg-vorbis: bf7c407c2cedff20999df2af8eb42d56 -> 
  custom:audio-encoder-webm-vorbis: bf7c407c2cedff20999df2af8eb42d56 -> 
========================================================================
Received Import Request.
  path: Assets/Maps/Fantasy Forest Environment Free Sample/Scenes/New Terrain.asset
  artifactKey: Guid(02bc0e2176f6a4e4ea3faf0c622664cf) Importer(815301076,1909f56bfc062723c751e8b465ee728b)
Start importing Assets/Maps/Fantasy Forest Environment Free Sample/Scenes/New Terrain.asset using Guid(02bc0e2176f6a4e4ea3faf0c622664cf) Importer(815301076,1909f56bfc062723c751e8b465ee728b)  -> (artifact id: '48a21c136a08164ad3e09049ad629459') in 0.135215 seconds 
  Import took 0.138425 seconds .

========================================================================
Received Import Request.
  Time since last request: 0.627779 seconds.
  path: Assets/Maps/Fantasy Forest Environment Free Sample/Scenes/demoScene_free.unity
  artifactKey: Guid(7769f33fb4fa2e5458344a36556ad760) Importer(815301076,1909f56bfc062723c751e8b465ee728b)
Start importing Assets/Maps/Fantasy Forest Environment Free Sample/Scenes/demoScene_free.unity using Guid(7769f33fb4fa2e5458344a36556ad760) Importer(815301076,1909f56bfc062723c751e8b465ee728b)  -> (artifact id: 'ad8a28ebbca73aa73923fb5ead1b2f86') in 0.017589 seconds 
  Import took 0.023629 seconds .

========================================================================
Received Import Request.
  Time since last request: 1.642028 seconds.
  path: Assets/Maps/Fantasy Forest Environment Free Sample/Scenes/assets.unity
  artifactKey: Guid(a143ab047b99a124ca579bc8e0366cd3) Importer(815301076,1909f56bfc062723c751e8b465ee728b)
Start importing Assets/Maps/Fantasy Forest Environment Free Sample/Scenes/assets.unity using Guid(a143ab047b99a124ca579bc8e0366cd3) Importer(815301076,1909f56bfc062723c751e8b465ee728b)  -> (artifact id: '7c021565b6164ef42f96ba9a04df2079') in 0.017207 seconds 
  Import took 0.023286 seconds .

========================================================================
Received Import Request.
  Time since last request: 3.118778 seconds.
  path: Assets/Maps/Fantasy Forest Environment Free Sample/Materials
  artifactKey: Guid(cd0f69bea45e4f84ea174419ce134ce1) Importer(815301076,1909f56bfc062723c751e8b465ee728b)
Start importing Assets/Maps/Fantasy Forest Environment Free Sample/Materials using Guid(cd0f69bea45e4f84ea174419ce134ce1) Importer(815301076,1909f56bfc062723c751e8b465ee728b)  -> (artifact id: '1e461a734f186ab1f3ae410186071bc9') in 0.020504 seconds 
  Import took 0.024715 seconds .

========================================================================
Received Import Request.
  Time since last request: 0.040966 seconds.
  path: Assets/Maps/Fantasy Forest Environment Free Sample/Materials/bark01_bottom.mat
  artifactKey: Guid(7e56b6e37c078ed47b6d0e9d9249ea9f) Importer(815301076,1909f56bfc062723c751e8b465ee728b)
Start importing Assets/Maps/Fantasy Forest Environment Free Sample/Materials/bark01_bottom.mat using Guid(7e56b6e37c078ed47b6d0e9d9249ea9f) Importer(815301076,1909f56bfc062723c751e8b465ee728b)  -> (artifact id: '018f444652f6e59854b9f12175f9ae6c') in 0.506209 seconds 
  Import took 0.515315 seconds .

========================================================================
Received Import Request.
  Time since last request: 0.000366 seconds.
  path: Assets/Maps/Fantasy Forest Environment Free Sample/Materials/dirt01.mat
  artifactKey: Guid(02f626fd2f11216458890862c5864d34) Importer(815301076,1909f56bfc062723c751e8b465ee728b)
Start importing Assets/Maps/Fantasy Forest Environment Free Sample/Materials/dirt01.mat using Guid(02f626fd2f11216458890862c5864d34) Importer(815301076,1909f56bfc062723c751e8b465ee728b)  -> (artifact id: 'ae93cdf34269285290803aff957fa5b6') in 0.181397 seconds 
  Import took 0.191915 seconds .

========================================================================
Received Import Request.
  Time since last request: 0.000421 seconds.
  path: Assets/Maps/Fantasy Forest Environment Free Sample/Materials/skyMaterial.mat
  artifactKey: Guid(cb20c710b0721ef4d88cabbec2aa4da7) Importer(815301076,1909f56bfc062723c751e8b465ee728b)
Start importing Assets/Maps/Fantasy Forest Environment Free Sample/Materials/skyMaterial.mat using Guid(cb20c710b0721ef4d88cabbec2aa4da7) Importer(815301076,1909f56bfc062723c751e8b465ee728b)  -> (artifact id: '8181e372fe6588373c4d820a4fe50f56') in 0.033056 seconds 
  Import took 0.050149 seconds .

========================================================================
Received Import Request.
  Time since last request: 0.000261 seconds.
  path: Assets/Maps/Fantasy Forest Environment Free Sample/Materials/tree_branches.mat
  artifactKey: Guid(16a185093c7e02d40a49265c23c74417) Importer(815301076,1909f56bfc062723c751e8b465ee728b)
Start importing Assets/Maps/Fantasy Forest Environment Free Sample/Materials/tree_branches.mat using Guid(16a185093c7e02d40a49265c23c74417) Importer(815301076,1909f56bfc062723c751e8b465ee728b)  -> (artifact id: 'e57910411902d3f0c6357817f935b846') in 0.414598 seconds 
  Import took 0.417598 seconds .

========================================================================
Received Import Request.
  Time since last request: 0.000281 seconds.
  path: Assets/Maps/Fantasy Forest Environment Free Sample/Materials/grassmesh.mat
  artifactKey: Guid(0666ed421e3d1f146a986f726e7354c1) Importer(815301076,1909f56bfc062723c751e8b465ee728b)
Start importing Assets/Maps/Fantasy Forest Environment Free Sample/Materials/grassmesh.mat using Guid(0666ed421e3d1f146a986f726e7354c1) Importer(815301076,1909f56bfc062723c751e8b465ee728b)  -> (artifact id: 'd7511d0591614ff6cae50ea11fa05f8a') in 0.184402 seconds 
  Import took 0.189404 seconds .

========================================================================
Received Import Request.
  Time since last request: 0.000215 seconds.
  path: Assets/Maps/Fantasy Forest Environment Free Sample/Materials/grass01.mat
  artifactKey: Guid(40e69315dc8bd0b45be8bf7143248fba) Importer(815301076,1909f56bfc062723c751e8b465ee728b)
Start importing Assets/Maps/Fantasy Forest Environment Free Sample/Materials/grass01.mat using Guid(40e69315dc8bd0b45be8bf7143248fba) Importer(815301076,1909f56bfc062723c751e8b465ee728b)  -> (artifact id: '373cca8839248555fc3a511b8c30c1e7') in 0.037682 seconds 
  Import took 0.041313 seconds .

========================================================================
Received Import Request.
  Time since last request: 0.224746 seconds.
  path: Assets/Maps/Fantasy Forest Environment Free Sample/Meshes
  artifactKey: Guid(eaaaee0f57e935647bce706f4ad8f73b) Importer(815301076,1909f56bfc062723c751e8b465ee728b)
Start importing Assets/Maps/Fantasy Forest Environment Free Sample/Meshes using Guid(eaaaee0f57e935647bce706f4ad8f73b) Importer(815301076,1909f56bfc062723c751e8b465ee728b)  -> (artifact id: '667a67bfd5269ad7e67ed85a60dfd080') in 0.020694 seconds 
  Import took 0.024096 seconds .

========================================================================
Received Import Request.
  Time since last request: 1.238203 seconds.
  path: Assets/Maps/Fantasy Forest Environment Free Sample/Meshes/Prefabs
  artifactKey: Guid(9c7916be32b4831459e123e056137170) Importer(815301076,1909f56bfc062723c751e8b465ee728b)
Start importing Assets/Maps/Fantasy Forest Environment Free Sample/Meshes/Prefabs using Guid(9c7916be32b4831459e123e056137170) Importer(815301076,1909f56bfc062723c751e8b465ee728b)  -> (artifact id: '6e92c4d3b1460c6925606b2cbb748e09') in 0.012667 seconds 
  Import took 0.019855 seconds .

========================================================================
Received Import Request.
  Time since last request: 0.047063 seconds.
  path: Assets/Maps/Fantasy Forest Environment Free Sample/Meshes/Prefabs/grass01.prefab
  artifactKey: Guid(b48086d9f175aa34b947a21c8056c3d2) Importer(815301076,1909f56bfc062723c751e8b465ee728b)
Start importing Assets/Maps/Fantasy Forest Environment Free Sample/Meshes/Prefabs/grass01.prefab using Guid(b48086d9f175aa34b947a21c8056c3d2) Importer(815301076,1909f56bfc062723c751e8b465ee728b)  -> (artifact id: '33a6d3421914b0d3037295b53751f2fb') in 0.033761 seconds 
  Import took 0.037075 seconds .

========================================================================
Received Import Request.
  Time since last request: 0.000252 seconds.
  path: Assets/Maps/Fantasy Forest Environment Free Sample/Meshes/Prefabs/tree_1.prefab
  artifactKey: Guid(eded051879df4c147b9010199d240258) Importer(815301076,1909f56bfc062723c751e8b465ee728b)
Start importing Assets/Maps/Fantasy Forest Environment Free Sample/Meshes/Prefabs/tree_1.prefab using Guid(eded051879df4c147b9010199d240258) Importer(815301076,1909f56bfc062723c751e8b465ee728b)  -> (artifact id: 'a576713c8593804439fd57e750d0bfe1') in 0.050125 seconds 
  Import took 0.055502 seconds .

========================================================================
Received Import Request.
  Time since last request: 2.588223 seconds.
  path: Assets/Maps/Fantasy Forest Environment Free Sample/Meshes/Source
  artifactKey: Guid(05153222d4fafb14f86e74c3f1ee4eba) Importer(815301076,1909f56bfc062723c751e8b465ee728b)
Start importing Assets/Maps/Fantasy Forest Environment Free Sample/Meshes/Source using Guid(05153222d4fafb14f86e74c3f1ee4eba) Importer(815301076,1909f56bfc062723c751e8b465ee728b)  -> (artifact id: '2edaf7f18a5ca5ce3f93cccc56958132') in 0.019104 seconds 
  Import took 0.026098 seconds .

========================================================================
Received Import Request.
  Time since last request: 0.046319 seconds.
  path: Assets/Maps/Fantasy Forest Environment Free Sample/Meshes/Source/grass01.FBX
  artifactKey: Guid(4de33cfabd2a0a64caa7f20596f00adf) Importer(815301076,1909f56bfc062723c751e8b465ee728b)
Start importing Assets/Maps/Fantasy Forest Environment Free Sample/Meshes/Source/grass01.FBX using Guid(4de33cfabd2a0a64caa7f20596f00adf) Importer(815301076,1909f56bfc062723c751e8b465ee728b)  -> (artifact id: '2c92d060979e49702084ba86c6f990c4') in 0.153272 seconds 
  Import took 0.161919 seconds .

========================================================================
Received Import Request.
  Time since last request: 0.000372 seconds.
  path: Assets/Maps/Fantasy Forest Environment Free Sample/Meshes/Source/tree_1.fbx
  artifactKey: Guid(4735160b42a3154428094dff59ef0f4e) Importer(815301076,1909f56bfc062723c751e8b465ee728b)
Start importing Assets/Maps/Fantasy Forest Environment Free Sample/Meshes/Source/tree_1.fbx using Guid(4735160b42a3154428094dff59ef0f4e) Importer(815301076,1909f56bfc062723c751e8b465ee728b)  -> (artifact id: '4e05922316c5f8440678e85bae07fae0') in 0.105152 seconds 
  Import took 0.115061 seconds .

========================================================================
Received Import Request.
  Time since last request: 6.838014 seconds.
  path: Assets/Maps/Fantasy Forest Environment Free Sample/Textures/bark01_bottom.tga
  artifactKey: Guid(4e44992d8a199a546aeaaa6ebc63b91a) Importer(815301076,1909f56bfc062723c751e8b465ee728b)
Start importing Assets/Maps/Fantasy Forest Environment Free Sample/Textures/bark01_bottom.tga using Guid(4e44992d8a199a546aeaaa6ebc63b91a) Importer(815301076,1909f56bfc062723c751e8b465ee728b)  -> (artifact id: 'dd9700451e7abf46ac1646499a6bb284') in 0.025456 seconds 
  Import took 0.031164 seconds .

========================================================================
Received Import Request.
  Time since last request: 0.000184 seconds.
  path: Assets/Maps/Fantasy Forest Environment Free Sample/Textures/grassmesh.png
  artifactKey: Guid(4e364662e65fd2d4a995a4efe45af277) Importer(815301076,1909f56bfc062723c751e8b465ee728b)
Start importing Assets/Maps/Fantasy Forest Environment Free Sample/Textures/grassmesh.png using Guid(4e364662e65fd2d4a995a4efe45af277) Importer(815301076,1909f56bfc062723c751e8b465ee728b)  -> (artifact id: '634651676ba0868685d7627091b0b765') in 0.038565 seconds 
  Import took 0.042180 seconds .

========================================================================
Received Import Request.
  Time since last request: 0.000376 seconds.
  path: Assets/Maps/Fantasy Forest Environment Free Sample/Textures/tree_branches.png
  artifactKey: Guid(1d49d1e2d8a2b97478e3e0355dbf3a07) Importer(815301076,1909f56bfc062723c751e8b465ee728b)
Start importing Assets/Maps/Fantasy Forest Environment Free Sample/Textures/tree_branches.png using Guid(1d49d1e2d8a2b97478e3e0355dbf3a07) Importer(815301076,1909f56bfc062723c751e8b465ee728b)  -> (artifact id: 'e08942da12bfd374b1b7bb7ffcb14a04') in 0.044052 seconds 
  Import took 0.051887 seconds .

========================================================================
Received Import Request.
  Time since last request: 38.632788 seconds.
  path: Assets/Maps/Fantasy Forest Environment Free Sample/Scenes/New Terrain.asset
  artifactKey: Guid(02bc0e2176f6a4e4ea3faf0c622664cf) Importer(815301076,1909f56bfc062723c751e8b465ee728b)
Start importing Assets/Maps/Fantasy Forest Environment Free Sample/Scenes/New Terrain.asset using Guid(02bc0e2176f6a4e4ea3faf0c622664cf) Importer(815301076,1909f56bfc062723c751e8b465ee728b)  -> (artifact id: '1f997c6070c34abed00d793b85429cc8') in 0.083169 seconds 
  Import took 0.087711 seconds .

========================================================================
Received Import Request.
  Time since last request: 59.298900 seconds.
  path: Assets/_TerrainAutoUpgrade
  artifactKey: Guid(3f67151f8248f8d46a3c48401334720e) Importer(815301076,1909f56bfc062723c751e8b465ee728b)
Start importing Assets/_TerrainAutoUpgrade using Guid(3f67151f8248f8d46a3c48401334720e) Importer(815301076,1909f56bfc062723c751e8b465ee728b)  -> (artifact id: 'c2a33b44cc867f466e9f946051550a77') in 0.021003 seconds 
  Import took 0.026096 seconds .

========================================================================
Received Prepare
Registering precompiled user dll's ...
Registered in 0.027816 seconds.
Begin MonoManager ReloadAssembly
Native extension for WindowsStandalone target not found
Refreshing native plugins compatible for Editor in 0.56 ms, found 2 plugins.
Preloading 0 native plugins for Editor in 0.00 ms.
Mono: successfully reloaded assembly
- Completed reload, in  2.087 seconds
Domain Reload Profiling:
	ReloadAssembly (2088ms)
		BeginReloadAssembly (316ms)
			ExecutionOrderSort (0ms)
			DisableScriptedObjects (14ms)
			BackupInstance (0ms)
			ReleaseScriptingObjects (0ms)
			CreateAndSetChildDomain (75ms)
		EndReloadAssembly (1614ms)
			LoadAssemblies (277ms)
			RebuildTransferFunctionScriptingTraits (0ms)
			SetupTypeCache (617ms)
			ReleaseScriptCaches (1ms)
			RebuildScriptCaches (97ms)
			SetupLoadedEditorAssemblies (451ms)
				LogAssemblyErrors (0ms)
				InitializePlatformSupportModulesInManaged (10ms)
				SetLoadedEditorAssemblies (1ms)
				RefreshPlugins (1ms)
				BeforeProcessingInitializeOnLoad (182ms)
				ProcessInitializeOnLoadAttributes (236ms)
				ProcessInitializeOnLoadMethodAttributes (11ms)
				AfterProcessingInitializeOnLoad (11ms)
				EditorAssembliesLoaded (0ms)
			ExecutionOrderSort2 (0ms)
			AwakeInstancesAfterBackupRestoration (9ms)
Platform modules already initialized, skipping
Refreshing native plugins compatible for Editor in 0.43 ms, found 2 plugins.
Preloading 0 native plugins for Editor in 0.00 ms.
Unloading 1497 Unused Serialized files (Serialized files now loaded: 0)
System memory in use before: 73.0 MB.
System memory in use after: 72.6 MB.

Unloading 13 unused Assets to reduce memory usage. Loaded Objects now: 1989.
Total: 3.402100 ms (FindLiveObjects: 0.135100 ms CreateObjectMapping: 0.063700 ms MarkObjects: 2.791400 ms  DeleteObjects: 0.409800 ms)

AssetImportParameters requested are different than current active one (requested -> active):
  custom:framework-win-MediaFoundation: 216162199b28c13a410421893ffa2e32 -> 
  custom:video-decoder-ogg-theora: a1e56fd34408186e4bbccfd4996cb3dc -> 
  custom:container-muxer-webm: aa71ff27fc2769a1b78a27578f13a17b -> 
  custom:container-demuxer-webm: 4f35f7cbe854078d1ac9338744f61a02 -> 
  custom:container-demuxer-ogg: 62fdf1f143b41e24485cea50d1cbac27 -> 
  custom:video-encoder-webm-vp8: eb34c28f22e8b96e1ab97ce403110664 -> 
  custom:video-decoder-webm-vp8: 9c59270c3fd7afecdb556c50c9e8de78 -> 
  custom:audio-decoder-ogg-vorbis: bf7c407c2cedff20999df2af8eb42d56 -> 
  custom:audio-encoder-webm-vorbis: bf7c407c2cedff20999df2af8eb42d56 -> 
========================================================================
Received Import Request.
  Time since last request: 32.149315 seconds.
  path: Assets/Characters
  artifactKey: Guid(24e9351caaeeac0469930e1f245ab13c) Importer(815301076,1909f56bfc062723c751e8b465ee728b)
Start importing Assets/Characters using Guid(24e9351caaeeac0469930e1f245ab13c) Importer(815301076,1909f56bfc062723c751e8b465ee728b)  -> (artifact id: '6cf40ab99af37b312aeb0665b757b8e6') in 0.012354 seconds 
  Import took 0.017315 seconds .

========================================================================
Received Prepare
Registering precompiled user dll's ...
Registered in 0.016952 seconds.
Begin MonoManager ReloadAssembly
Native extension for WindowsStandalone target not found
Refreshing native plugins compatible for Editor in 1.44 ms, found 2 plugins.
Preloading 0 native plugins for Editor in 0.00 ms.
Mono: successfully reloaded assembly
- Completed reload, in  3.830 seconds
Domain Reload Profiling:
	ReloadAssembly (3831ms)
		BeginReloadAssembly (306ms)
			ExecutionOrderSort (0ms)
			DisableScriptedObjects (12ms)
			BackupInstance (0ms)
			ReleaseScriptingObjects (0ms)
			CreateAndSetChildDomain (70ms)
		EndReloadAssembly (3345ms)
			LoadAssemblies (272ms)
			RebuildTransferFunctionScriptingTraits (0ms)
			SetupTypeCache (576ms)
			ReleaseScriptCaches (1ms)
			RebuildScriptCaches (206ms)
			SetupLoadedEditorAssemblies (1754ms)
				LogAssemblyErrors (0ms)
				InitializePlatformSupportModulesInManaged (169ms)
				SetLoadedEditorAssemblies (6ms)
				RefreshPlugins (2ms)
				BeforeProcessingInitializeOnLoad (878ms)
				ProcessInitializeOnLoadAttributes (649ms)
				ProcessInitializeOnLoadMethodAttributes (29ms)
				AfterProcessingInitializeOnLoad (21ms)
				EditorAssembliesLoaded (0ms)
			ExecutionOrderSort2 (0ms)
			AwakeInstancesAfterBackupRestoration (19ms)
Platform modules already initialized, skipping
Refreshing native plugins compatible for Editor in 0.62 ms, found 2 plugins.
Preloading 0 native plugins for Editor in 0.00 ms.
Unloading 1522 Unused Serialized files (Serialized files now loaded: 0)
System memory in use before: 78.7 MB.
System memory in use after: 75.6 MB.

Unloading 22 unused Assets to reduce memory usage. Loaded Objects now: 2006.
Total: 15.930900 ms (FindLiveObjects: 0.204500 ms CreateObjectMapping: 0.083500 ms MarkObjects: 9.073200 ms  DeleteObjects: 6.568200 ms)

AssetImportParameters requested are different than current active one (requested -> active):
  custom:framework-win-MediaFoundation: 216162199b28c13a410421893ffa2e32 -> 
  custom:video-decoder-ogg-theora: a1e56fd34408186e4bbccfd4996cb3dc -> 
  custom:container-muxer-webm: aa71ff27fc2769a1b78a27578f13a17b -> 
  custom:container-demuxer-webm: 4f35f7cbe854078d1ac9338744f61a02 -> 
  custom:container-demuxer-ogg: 62fdf1f143b41e24485cea50d1cbac27 -> 
  custom:video-encoder-webm-vp8: eb34c28f22e8b96e1ab97ce403110664 -> 
  custom:video-decoder-webm-vp8: 9c59270c3fd7afecdb556c50c9e8de78 -> 
  custom:audio-decoder-ogg-vorbis: bf7c407c2cedff20999df2af8eb42d56 -> 
  custom:audio-encoder-webm-vorbis: bf7c407c2cedff20999df2af8eb42d56 -> 
========================================================================
Received Import Request.
  Time since last request: 314.221528 seconds.
  path: Assets/unity-chan!
  artifactKey: Guid(64a332e58d9e8d44cb0e090e4d9bf364) Importer(815301076,1909f56bfc062723c751e8b465ee728b)
Start importing Assets/unity-chan! using Guid(64a332e58d9e8d44cb0e090e4d9bf364) Importer(815301076,1909f56bfc062723c751e8b465ee728b)  -> (artifact id: '0f8406d84a7c2b629ac4fe24d97826cb') in 0.016452 seconds 
  Import took 0.020975 seconds .

========================================================================
Received Prepare
Registering precompiled user dll's ...
Registered in 0.005861 seconds.
Begin MonoManager ReloadAssembly
Native extension for WindowsStandalone target not found
Refreshing native plugins compatible for Editor in 0.56 ms, found 2 plugins.
Preloading 0 native plugins for Editor in 0.00 ms.
Mono: successfully reloaded assembly
- Completed reload, in  1.534 seconds
Domain Reload Profiling:
	ReloadAssembly (1535ms)
		BeginReloadAssembly (357ms)
			ExecutionOrderSort (0ms)
			DisableScriptedObjects (13ms)
			BackupInstance (0ms)
			ReleaseScriptingObjects (0ms)
			CreateAndSetChildDomain (116ms)
		EndReloadAssembly (1093ms)
			LoadAssemblies (232ms)
			RebuildTransferFunctionScriptingTraits (0ms)
			SetupTypeCache (366ms)
			ReleaseScriptCaches (1ms)
			RebuildScriptCaches (45ms)
			SetupLoadedEditorAssemblies (415ms)
				LogAssemblyErrors (0ms)
				InitializePlatformSupportModulesInManaged (6ms)
				SetLoadedEditorAssemblies (1ms)
				RefreshPlugins (1ms)
				BeforeProcessingInitializeOnLoad (124ms)
				ProcessInitializeOnLoadAttributes (260ms)
				ProcessInitializeOnLoadMethodAttributes (10ms)
				AfterProcessingInitializeOnLoad (12ms)
				EditorAssembliesLoaded (1ms)
			ExecutionOrderSort2 (0ms)
			AwakeInstancesAfterBackupRestoration (10ms)
Platform modules already initialized, skipping
Refreshing native plugins compatible for Editor in 0.40 ms, found 2 plugins.
Preloading 0 native plugins for Editor in 0.00 ms.
Unloading 1521 Unused Serialized files (Serialized files now loaded: 0)
System memory in use before: 78.6 MB.
System memory in use after: 75.5 MB.

Unloading 22 unused Assets to reduce memory usage. Loaded Objects now: 2008.
Total: 6.857100 ms (FindLiveObjects: 0.120500 ms CreateObjectMapping: 0.038000 ms MarkObjects: 3.745600 ms  DeleteObjects: 2.951600 ms)

AssetImportParameters requested are different than current active one (requested -> active):
  custom:framework-win-MediaFoundation: 216162199b28c13a410421893ffa2e32 -> 
  custom:video-decoder-ogg-theora: a1e56fd34408186e4bbccfd4996cb3dc -> 
  custom:container-muxer-webm: aa71ff27fc2769a1b78a27578f13a17b -> 
  custom:container-demuxer-webm: 4f35f7cbe854078d1ac9338744f61a02 -> 
  custom:container-demuxer-ogg: 62fdf1f143b41e24485cea50d1cbac27 -> 
  custom:video-encoder-webm-vp8: eb34c28f22e8b96e1ab97ce403110664 -> 
  custom:video-decoder-webm-vp8: 9c59270c3fd7afecdb556c50c9e8de78 -> 
  custom:audio-decoder-ogg-vorbis: bf7c407c2cedff20999df2af8eb42d56 -> 
  custom:audio-encoder-webm-vorbis: bf7c407c2cedff20999df2af8eb42d56 -> 
========================================================================
Received Import Request.
  Time since last request: 100.047219 seconds.
  path: Assets/Weapons
  artifactKey: Guid(8767d4406fe9469428923b9103ca63db) Importer(815301076,1909f56bfc062723c751e8b465ee728b)
Start importing Assets/Weapons using Guid(8767d4406fe9469428923b9103ca63db) Importer(815301076,1909f56bfc062723c751e8b465ee728b)  -> (artifact id: '37cce0df3c23339095269fe3e77fe7d0') in 0.009671 seconds 
  Import took 0.025686 seconds .

========================================================================
Received Import Request.
  Time since last request: 2.695580 seconds.
  path: Assets/Free medieval weapons
  artifactKey: Guid(235568b68571de141b3b9a0752ff135c) Importer(815301076,1909f56bfc062723c751e8b465ee728b)
Start importing Assets/Free medieval weapons using Guid(235568b68571de141b3b9a0752ff135c) Importer(815301076,1909f56bfc062723c751e8b465ee728b)  -> (artifact id: '1e3931e6415d0abf660337b2b06c5184') in 0.009792 seconds 
  Import took 0.013959 seconds .

========================================================================
Received Import Request.
  Time since last request: 4.971638 seconds.
  path: Assets/Scenes
  artifactKey: Guid(5825afb35bde4fa46b7537ce2d928452) Importer(815301076,1909f56bfc062723c751e8b465ee728b)
Start importing Assets/Scenes using Guid(5825afb35bde4fa46b7537ce2d928452) Importer(815301076,1909f56bfc062723c751e8b465ee728b)  -> (artifact id: '3b2c94c1086536d33196aff76825babd') in 0.009789 seconds 
  Import took 0.016178 seconds .

========================================================================
Received Import Request.
  Time since last request: 49.413249 seconds.
  path: Assets/Characters/unity-chan!/Unity-chan! Model
  artifactKey: Guid(6395fe2434a22ef41b83186b290f8fab) Importer(815301076,1909f56bfc062723c751e8b465ee728b)
Start importing Assets/Characters/unity-chan!/Unity-chan! Model using Guid(6395fe2434a22ef41b83186b290f8fab) Importer(815301076,1909f56bfc062723c751e8b465ee728b)  -> (artifact id: '4da1c6fc935fe302be838b1c133b3a4e') in 0.009182 seconds 
  Import took 0.013694 seconds .

========================================================================
Received Import Request.
  Time since last request: 4.596984 seconds.
  path: Assets/Characters/unity-chan!/Unity-chan! Model/SplashScreen
  artifactKey: Guid(c8c132d65fec645bea7e69631da40d73) Importer(815301076,1909f56bfc062723c751e8b465ee728b)
Start importing Assets/Characters/unity-chan!/Unity-chan! Model/SplashScreen using Guid(c8c132d65fec645bea7e69631da40d73) Importer(815301076,1909f56bfc062723c751e8b465ee728b)  -> (artifact id: '280cbb0841b29775a6a4d732bab443cd') in 0.006527 seconds 
  Import took 0.011370 seconds .

========================================================================
Received Import Request.
  Time since last request: 16.500665 seconds.
  path: Assets/Characters/unity-chan!/Unity-chan! Model/Art
  artifactKey: Guid(defce7c728fb01d49a7a7e9205dbde77) Importer(815301076,1909f56bfc062723c751e8b465ee728b)
Start importing Assets/Characters/unity-chan!/Unity-chan! Model/Art using Guid(defce7c728fb01d49a7a7e9205dbde77) Importer(815301076,1909f56bfc062723c751e8b465ee728b)  -> (artifact id: '4aca67682a69ff282d45018f8ab601fd') in 0.007280 seconds 
  Import took 0.012462 seconds .

========================================================================
Received Import Request.
  Time since last request: 2.694832 seconds.
  path: Assets/Characters/unity-chan!/Unity-chan! Model/Art/UnityChanShader
  artifactKey: Guid(37a9d016da7c84d7d8c3c90eb6399f0a) Importer(815301076,1909f56bfc062723c751e8b465ee728b)
Start importing Assets/Characters/unity-chan!/Unity-chan! Model/Art/UnityChanShader using Guid(37a9d016da7c84d7d8c3c90eb6399f0a) Importer(815301076,1909f56bfc062723c751e8b465ee728b)  -> (artifact id: '20ac99a28f2af5b80427463571d90317') in 0.005207 seconds 
  Import took 0.009300 seconds .

========================================================================
Received Import Request.
  Time since last request: 7.631975 seconds.
  path: Assets/Characters/unity-chan!/Unity-chan! Model/Documentation
  artifactKey: Guid(aecbc32136ead544e86c327b0a2dad85) Importer(815301076,1909f56bfc062723c751e8b465ee728b)
Start importing Assets/Characters/unity-chan!/Unity-chan! Model/Documentation using Guid(aecbc32136ead544e86c327b0a2dad85) Importer(815301076,1909f56bfc062723c751e8b465ee728b)  -> (artifact id: 'be9cde70a93c80a3fbb637457ff20db4') in 0.006710 seconds 
  Import took 0.012311 seconds .

========================================================================
Received Import Request.
  Time since last request: 3.195772 seconds.
  path: Assets/Characters/unity-chan!/Unity-chan! Model/Documentation/ReadMe
  artifactKey: Guid(ecb329de41efa4b2fa04763f1b8ad282) Importer(815301076,1909f56bfc062723c751e8b465ee728b)
Start importing Assets/Characters/unity-chan!/Unity-chan! Model/Documentation/ReadMe using Guid(ecb329de41efa4b2fa04763f1b8ad282) Importer(815301076,1909f56bfc062723c751e8b465ee728b)  -> (artifact id: '4a0e76bd0f866ba0706930eacbcabd7a') in 0.007598 seconds 
  Import took 0.013962 seconds .

========================================================================
Received Import Request.
  Time since last request: 1.803068 seconds.
  path: Assets/Characters/unity-chan!/Unity-chan! Model/Documentation/ReadMe/ReadMe_en.pdf
  artifactKey: Guid(762a4bc1a35f442e1a7299fb1ef3d2f3) Importer(815301076,1909f56bfc062723c751e8b465ee728b)
Start importing Assets/Characters/unity-chan!/Unity-chan! Model/Documentation/ReadMe/ReadMe_en.pdf using Guid(762a4bc1a35f442e1a7299fb1ef3d2f3) Importer(815301076,1909f56bfc062723c751e8b465ee728b)  -> (artifact id: 'fae4b98542b4620360455a3f01b4e43d') in 0.031333 seconds 
  Import took 0.035605 seconds .

========================================================================
Received Import Request.
  Time since last request: 54.227974 seconds.
  path: Assets/Characters/unity-chan!/Unity-chan! Model/Documentation/UnityChanLicense2.0
  artifactKey: Guid(ad7ee9b345c64894095bcf3c288e6abb) Importer(815301076,1909f56bfc062723c751e8b465ee728b)
Start importing Assets/Characters/unity-chan!/Unity-chan! Model/Documentation/UnityChanLicense2.0 using Guid(ad7ee9b345c64894095bcf3c288e6abb) Importer(815301076,1909f56bfc062723c751e8b465ee728b)  -> (artifact id: 'f2362c9aaf4a937169a5f246462574e9') in 0.007840 seconds 
  Import took 0.013661 seconds .

========================================================================
Received Import Request.
  Time since last request: 2.016928 seconds.
  path: Assets/Characters/unity-chan!/Unity-chan! Model/Documentation/SplashScreen.pdf
  artifactKey: Guid(c06525567be0e4cfd90dca3c8c626e98) Importer(815301076,1909f56bfc062723c751e8b465ee728b)
Start importing Assets/Characters/unity-chan!/Unity-chan! Model/Documentation/SplashScreen.pdf using Guid(c06525567be0e4cfd90dca3c8c626e98) Importer(815301076,1909f56bfc062723c751e8b465ee728b)  -> (artifact id: '5ef33f5334d31e0aa19d33cdb91b0abb') in 0.008577 seconds 
  Import took 0.012314 seconds .

========================================================================
Received Import Request.
  Time since last request: 1.651981 seconds.
  path: Assets/Characters/unity-chan!/Unity-chan! Model/Documentation/unitychan_dynamic.pdf
  artifactKey: Guid(63e0f32bd11fb46728b21e4d3925aa34) Importer(815301076,1909f56bfc062723c751e8b465ee728b)
Start importing Assets/Characters/unity-chan!/Unity-chan! Model/Documentation/unitychan_dynamic.pdf using Guid(63e0f32bd11fb46728b21e4d3925aa34) Importer(815301076,1909f56bfc062723c751e8b465ee728b)  -> (artifact id: '12f77b2714633d7e290e9a2a387aae71') in 0.007616 seconds 
  Import took 0.012119 seconds .

========================================================================
Received Import Request.
  Time since last request: 4.226146 seconds.
  path: Assets/Characters/unity-chan!/Unity-chan! Model/Documentation/unitychan_shader.pdf
  artifactKey: Guid(137e63c1f5c81469e99e2220647911ff) Importer(815301076,1909f56bfc062723c751e8b465ee728b)
Start importing Assets/Characters/unity-chan!/Unity-chan! Model/Documentation/unitychan_shader.pdf using Guid(137e63c1f5c81469e99e2220647911ff) Importer(815301076,1909f56bfc062723c751e8b465ee728b)  -> (artifact id: '4a43eb8b61b18ab2b640ffd8c76316a2') in 0.010769 seconds 
  Import took 0.015635 seconds .

========================================================================
Received Import Request.
  Time since last request: 1.246927 seconds.
  path: Assets/Characters/unity-chan!/Unity-chan! Model/Documentation/WebPlayerTemplate.pdf
  artifactKey: Guid(f0926b9bbecd94bda8b68e0c738a4526) Importer(815301076,1909f56bfc062723c751e8b465ee728b)
Start importing Assets/Characters/unity-chan!/Unity-chan! Model/Documentation/WebPlayerTemplate.pdf using Guid(f0926b9bbecd94bda8b68e0c738a4526) Importer(815301076,1909f56bfc062723c751e8b465ee728b)  -> (artifact id: 'fb1121d566fd46a84d39ce92baf3251c') in 0.007116 seconds 
  Import took 0.012336 seconds .

========================================================================
Received Import Request.
  Time since last request: 2.606952 seconds.
  path: Assets/Characters/unity-chan!/Unity-chan! Model/Editor
  artifactKey: Guid(0ed7722d085f04820ba89e8fb4d451a2) Importer(815301076,1909f56bfc062723c751e8b465ee728b)
Start importing Assets/Characters/unity-chan!/Unity-chan! Model/Editor using Guid(0ed7722d085f04820ba89e8fb4d451a2) Importer(815301076,1909f56bfc062723c751e8b465ee728b)  -> (artifact id: '403b72f14aba875b39fef33560e67a06') in 0.005752 seconds 
  Import took 0.009982 seconds .

========================================================================
Received Import Request.
  Time since last request: 1.822129 seconds.
  path: Assets/Characters/unity-chan!/Unity-chan! Model/Editor/CreateLocatorHere.cs
  artifactKey: Guid(12ec17992da8868439a50d4b342b7cfd) Importer(815301076,1909f56bfc062723c751e8b465ee728b)
Start importing Assets/Characters/unity-chan!/Unity-chan! Model/Editor/CreateLocatorHere.cs using Guid(12ec17992da8868439a50d4b342b7cfd) Importer(815301076,1909f56bfc062723c751e8b465ee728b)  -> (artifact id: '4d383020eb1adbbca70a49cbb9b215b4') in 0.014047 seconds 
  Import took 0.018358 seconds .

========================================================================
Received Import Request.
  Time since last request: 3.021832 seconds.
  path: Assets/Characters/unity-chan!/Unity-chan! Model/Prefabs
  artifactKey: Guid(f875c0a860fab1c498f1ed5edcee2b47) Importer(815301076,1909f56bfc062723c751e8b465ee728b)
Start importing Assets/Characters/unity-chan!/Unity-chan! Model/Prefabs using Guid(f875c0a860fab1c498f1ed5edcee2b47) Importer(815301076,1909f56bfc062723c751e8b465ee728b)  -> (artifact id: '2c700920a4e942a0b8a1c2cc49452732') in 0.008348 seconds 
  Import took 0.012796 seconds .

========================================================================
Received Import Request.
  Time since last request: 0.056371 seconds.
  path: Assets/Characters/unity-chan!/Unity-chan! Model/Prefabs/BoxUnityChan.prefab
  artifactKey: Guid(6788413dff62c534d8ca610faef3c7a2) Importer(815301076,1909f56bfc062723c751e8b465ee728b)
Start importing Assets/Characters/unity-chan!/Unity-chan! Model/Prefabs/BoxUnityChan.prefab using Guid(6788413dff62c534d8ca610faef3c7a2) Importer(815301076,1909f56bfc062723c751e8b465ee728b)  -> (artifact id: '32c502a5460497bb2d3b74613e12eb8d') in 0.059736 seconds 
  Import took 0.064051 seconds .

========================================================================
Received Import Request.
  Time since last request: 0.000205 seconds.
  path: Assets/Characters/unity-chan!/Unity-chan! Model/Prefabs/unitychan_dynamic.prefab
  artifactKey: Guid(49f2055d53eeb4e5a92af590a44bddee) Importer(815301076,1909f56bfc062723c751e8b465ee728b)
Start importing Assets/Characters/unity-chan!/Unity-chan! Model/Prefabs/unitychan_dynamic.prefab using Guid(49f2055d53eeb4e5a92af590a44bddee) Importer(815301076,1909f56bfc062723c751e8b465ee728b)  -> (artifact id: '13686540f39dc30ecc2f6204e71de057') in 0.621573 seconds 
  Import took 0.630898 seconds .

========================================================================
Received Import Request.
  Time since last request: 0.000275 seconds.
  path: Assets/Characters/unity-chan!/Unity-chan! Model/Prefabs/LookPos.prefab
  artifactKey: Guid(6d5bff5837eca402492a89073b17c2e6) Importer(815301076,1909f56bfc062723c751e8b465ee728b)
Start importing Assets/Characters/unity-chan!/Unity-chan! Model/Prefabs/LookPos.prefab using Guid(6d5bff5837eca402492a89073b17c2e6) Importer(815301076,1909f56bfc062723c751e8b465ee728b)  -> (artifact id: '9e1f3d6709f59e5d8c5011b48bb8c0eb') in 0.019236 seconds 
  Import took 0.023341 seconds .

========================================================================
Received Import Request.
  Time since last request: 0.002191 seconds.
  path: Assets/Characters/unity-chan!/Unity-chan! Model/Prefabs/unitychan.prefab
  artifactKey: Guid(412b92d4feeb9c548bfa98f62c4d1022) Importer(815301076,1909f56bfc062723c751e8b465ee728b)
Start importing Assets/Characters/unity-chan!/Unity-chan! Model/Prefabs/unitychan.prefab using Guid(412b92d4feeb9c548bfa98f62c4d1022) Importer(815301076,1909f56bfc062723c751e8b465ee728b)  -> (artifact id: 'a9246ab61af37a90d2334dfebb9da908') in 0.127607 seconds 
  Import took 0.138815 seconds .

========================================================================
Received Import Request.
  Time since last request: 0.000217 seconds.
  path: Assets/Characters/unity-chan!/Unity-chan! Model/Prefabs/Locator_IKtarget.prefab
  artifactKey: Guid(88eeda7d3a9f2492da9213d1c1ab46d0) Importer(815301076,1909f56bfc062723c751e8b465ee728b)
Start importing Assets/Characters/unity-chan!/Unity-chan! Model/Prefabs/Locator_IKtarget.prefab using Guid(88eeda7d3a9f2492da9213d1c1ab46d0) Importer(815301076,1909f56bfc062723c751e8b465ee728b)  -> (artifact id: 'd2e155f43d4ce94493e145ffc7e11cf0') in 0.045573 seconds 
  Import took 0.049163 seconds .

========================================================================
Received Import Request.
  Time since last request: 0.000264 seconds.
  path: Assets/Characters/unity-chan!/Unity-chan! Model/Prefabs/Directional light for UnityChan.prefab
  artifactKey: Guid(b76c71a1e3f6c4fdab657f4fbf5466de) Importer(815301076,1909f56bfc062723c751e8b465ee728b)
Start importing Assets/Characters/unity-chan!/Unity-chan! Model/Prefabs/Directional light for UnityChan.prefab using Guid(b76c71a1e3f6c4fdab657f4fbf5466de) Importer(815301076,1909f56bfc062723c751e8b465ee728b)  -> (artifact id: 'f36c85673a41d253c52eaeb796f23f8b') in 0.011450 seconds 
  Import took 0.016679 seconds .

========================================================================
Received Import Request.
  Time since last request: 14.866350 seconds.
  path: Assets/Characters/unity-chan!/Unity-chan! Model/Prefabs/for Locomotion
  artifactKey: Guid(9aeff261260b248328b8ce74346dc8fd) Importer(815301076,1909f56bfc062723c751e8b465ee728b)
Start importing Assets/Characters/unity-chan!/Unity-chan! Model/Prefabs/for Locomotion using Guid(9aeff261260b248328b8ce74346dc8fd) Importer(815301076,1909f56bfc062723c751e8b465ee728b)  -> (artifact id: '63a366015f26edaf11343eb56dc09405') in 0.005974 seconds 
  Import took 0.011837 seconds .

========================================================================
Received Import Request.
  Time since last request: 1.004768 seconds.
  path: Assets/Characters/unity-chan!/Unity-chan! Model/Prefabs/for Locomotion/CamPos.prefab
  artifactKey: Guid(65eb07d65eb184e13a4b388eced0d32b) Importer(815301076,1909f56bfc062723c751e8b465ee728b)
Start importing Assets/Characters/unity-chan!/Unity-chan! Model/Prefabs/for Locomotion/CamPos.prefab using Guid(65eb07d65eb184e13a4b388eced0d32b) Importer(815301076,1909f56bfc062723c751e8b465ee728b)  -> (artifact id: '8277fb5d09c3aa3846887bf52108d1c4') in 0.004810 seconds 
  Import took 0.008405 seconds .

========================================================================
Received Import Request.
  Time since last request: 0.000224 seconds.
  path: Assets/Characters/unity-chan!/Unity-chan! Model/Prefabs/for Locomotion/LookAtPos.prefab
  artifactKey: Guid(efaf5c7817edc41d68744ffe3a3dbeb7) Importer(815301076,1909f56bfc062723c751e8b465ee728b)
Start importing Assets/Characters/unity-chan!/Unity-chan! Model/Prefabs/for Locomotion/LookAtPos.prefab using Guid(efaf5c7817edc41d68744ffe3a3dbeb7) Importer(815301076,1909f56bfc062723c751e8b465ee728b)  -> (artifact id: 'f3aede2e9a4608309d4eee55299e0831') in 0.009855 seconds 
  Import took 0.014786 seconds .

========================================================================
Received Import Request.
  Time since last request: 0.000369 seconds.
  path: Assets/Characters/unity-chan!/Unity-chan! Model/Prefabs/for Locomotion/JumpPos.prefab
  artifactKey: Guid(2801f2532c4364c8696fc1dc3b4c6a1a) Importer(815301076,1909f56bfc062723c751e8b465ee728b)
Start importing Assets/Characters/unity-chan!/Unity-chan! Model/Prefabs/for Locomotion/JumpPos.prefab using Guid(2801f2532c4364c8696fc1dc3b4c6a1a) Importer(815301076,1909f56bfc062723c751e8b465ee728b)  -> (artifact id: '3be82136742c14df989feb0dffa9809d') in 0.009336 seconds 
  Import took 0.014384 seconds .

========================================================================
Received Import Request.
  Time since last request: 0.000289 seconds.
  path: Assets/Characters/unity-chan!/Unity-chan! Model/Prefabs/for Locomotion/unitychan_dynamic_locomotion.prefab
  artifactKey: Guid(69c3ed15e9d13481e8f7dc4db5532fb6) Importer(815301076,1909f56bfc062723c751e8b465ee728b)
Start importing Assets/Characters/unity-chan!/Unity-chan! Model/Prefabs/for Locomotion/unitychan_dynamic_locomotion.prefab using Guid(69c3ed15e9d13481e8f7dc4db5532fb6) Importer(815301076,1909f56bfc062723c751e8b465ee728b)  -> (artifact id: '60fc0e85457479890ea88788e731c6d4') in 0.164228 seconds 
  Import took 0.174015 seconds .

========================================================================
Received Import Request.
  Time since last request: 0.000196 seconds.
  path: Assets/Characters/unity-chan!/Unity-chan! Model/Prefabs/for Locomotion/unitychan.prefab
  artifactKey: Guid(40046bae76ac54bffb59f14f47d9ba1b) Importer(815301076,1909f56bfc062723c751e8b465ee728b)
Start importing Assets/Characters/unity-chan!/Unity-chan! Model/Prefabs/for Locomotion/unitychan.prefab using Guid(40046bae76ac54bffb59f14f47d9ba1b) Importer(815301076,1909f56bfc062723c751e8b465ee728b)  -> (artifact id: 'a4628301e1e111aca4630d721ee24947') in 0.166892 seconds 
  Import took 0.173868 seconds .

========================================================================
Received Import Request.
  Time since last request: 0.000247 seconds.
  path: Assets/Characters/unity-chan!/Unity-chan! Model/Prefabs/for Locomotion/FrontPos.prefab
  artifactKey: Guid(5ab36471a20d548e1b89d3501e011ada) Importer(815301076,1909f56bfc062723c751e8b465ee728b)
Start importing Assets/Characters/unity-chan!/Unity-chan! Model/Prefabs/for Locomotion/FrontPos.prefab using Guid(5ab36471a20d548e1b89d3501e011ada) Importer(815301076,1909f56bfc062723c751e8b465ee728b)  -> (artifact id: '343efa6bd7c75401dfbaf821770b99e6') in 0.014521 seconds 
  Import took 0.018294 seconds .

========================================================================
Received Import Request.
  Time since last request: 0.000690 seconds.
  path: Assets/Characters/unity-chan!/Unity-chan! Model/Prefabs/for Locomotion/Main Camera.prefab
  artifactKey: Guid(79674db77adfc4d6f9f17fb043493b1e) Importer(815301076,1909f56bfc062723c751e8b465ee728b)
Start importing Assets/Characters/unity-chan!/Unity-chan! Model/Prefabs/for Locomotion/Main Camera.prefab using Guid(79674db77adfc4d6f9f17fb043493b1e) Importer(815301076,1909f56bfc062723c751e8b465ee728b)  -> (artifact id: 'bff82a44cf792e7c4d0e3f8670072032') in 0.011674 seconds 
  Import took 0.016769 seconds .

========================================================================
Received Import Request.
  Time since last request: 84.428416 seconds.
  path: Assets/Characters/unity-chan!/Unity-chan! Model/Scenes
  artifactKey: Guid(f19d8ba5e85097445bfcd84b267e2cb0) Importer(815301076,1909f56bfc062723c751e8b465ee728b)
Start importing Assets/Characters/unity-chan!/Unity-chan! Model/Scenes using Guid(f19d8ba5e85097445bfcd84b267e2cb0) Importer(815301076,1909f56bfc062723c751e8b465ee728b)  -> (artifact id: '459f4a456dd2ad37a5800ec14d98790e') in 0.006534 seconds 
  Import took 0.011832 seconds .

========================================================================
Received Import Request.
  Time since last request: 2.540576 seconds.
  path: Assets/Characters/unity-chan!/Unity-chan! Model/Scenes/Locomotion.unity
  artifactKey: Guid(957eefe92df624143ad9333b8bc01eb8) Importer(815301076,1909f56bfc062723c751e8b465ee728b)
Start importing Assets/Characters/unity-chan!/Unity-chan! Model/Scenes/Locomotion.unity using Guid(957eefe92df624143ad9333b8bc01eb8) Importer(815301076,1909f56bfc062723c751e8b465ee728b)  -> (artifact id: '2362f2490a1c163bac5baf612b1862b4') in 0.007098 seconds 
  Import took 0.013308 seconds .

========================================================================
Received Import Request.
  Time since last request: 1.162484 seconds.
  path: Assets/Characters/unity-chan!/Unity-chan! Model/Scenes/SecondaryAnimation.unity
  artifactKey: Guid(303d6058a98f643abb202d652ad2be31) Importer(815301076,1909f56bfc062723c751e8b465ee728b)
Start importing Assets/Characters/unity-chan!/Unity-chan! Model/Scenes/SecondaryAnimation.unity using Guid(303d6058a98f643abb202d652ad2be31) Importer(815301076,1909f56bfc062723c751e8b465ee728b)  -> (artifact id: '02df7359ff8a2e10bfb8e9fd3440ebd8') in 0.007074 seconds 
  Import took 0.014101 seconds .

========================================================================
Received Import Request.
  Time since last request: 6.354278 seconds.
  path: Assets/Characters/unity-chan!/Unity-chan! Model/Scripts
  artifactKey: Guid(bcd7a07ee4a0c614a93bc492b082f7a3) Importer(815301076,1909f56bfc062723c751e8b465ee728b)
Start importing Assets/Characters/unity-chan!/Unity-chan! Model/Scripts using Guid(bcd7a07ee4a0c614a93bc492b082f7a3) Importer(815301076,1909f56bfc062723c751e8b465ee728b)  -> (artifact id: '9aecd0d935e7e4901982c90dd97cb952') in 0.008177 seconds 
  Import took 0.014318 seconds .

========================================================================
Received Prepare
Registering precompiled user dll's ...
Registered in 0.004510 seconds.
Begin MonoManager ReloadAssembly
Native extension for WindowsStandalone target not found
Refreshing native plugins compatible for Editor in 0.37 ms, found 2 plugins.
Preloading 0 native plugins for Editor in 0.00 ms.
Mono: successfully reloaded assembly
- Completed reload, in  0.923 seconds
Domain Reload Profiling:
	ReloadAssembly (924ms)
		BeginReloadAssembly (122ms)
			ExecutionOrderSort (0ms)
			DisableScriptedObjects (4ms)
			BackupInstance (0ms)
			ReleaseScriptingObjects (0ms)
			CreateAndSetChildDomain (31ms)
		EndReloadAssembly (742ms)
			LoadAssemblies (103ms)
			RebuildTransferFunctionScriptingTraits (0ms)
			SetupTypeCache (246ms)
			ReleaseScriptCaches (1ms)
			RebuildScriptCaches (37ms)
			SetupLoadedEditorAssemblies (283ms)
				LogAssemblyErrors (0ms)
				InitializePlatformSupportModulesInManaged (4ms)
				SetLoadedEditorAssemblies (0ms)
				RefreshPlugins (0ms)
				BeforeProcessingInitializeOnLoad (79ms)
				ProcessInitializeOnLoadAttributes (180ms)
				ProcessInitializeOnLoadMethodAttributes (11ms)
				AfterProcessingInitializeOnLoad (7ms)
				EditorAssembliesLoaded (1ms)
			ExecutionOrderSort2 (0ms)
			AwakeInstancesAfterBackupRestoration (8ms)
Platform modules already initialized, skipping
Received signal SIGSEGV
Stack trace:
0x00007ffa37147909 (igd10iumd64) OpenAdapter10_2
0x00007ffa371459dc (igd10iumd64) OpenAdapter10_2
0x00007ffa3714589d (igd10iumd64) OpenAdapter10_2
0x00007ffa370d6108 (igd10iumd64) OpenAdapter10_2
0x00007ffa3e2bb52c (d3d11) D3D11CoreCreateDevice
0x00007ffa3e2a697f (d3d11) 
0x00007ffa3e2a67a4 (d3d11) 
0x00007ffa3e2c8089 (d3d11) D3D11CoreCreateDevice
0x00007ffa3e2b8fdd (d3d11) D3D11CoreCreateDevice
0x00007ffa3e2b978c (d3d11) D3D11CoreCreateDevice
0x00007ffa3e2a95b4 (d3d11) 
0x00007ffa3e2a9523 (d3d11) 
0x00007ffa3e2a92a8 (d3d11) 
0x00007ff73b0bf459 (Unity) D3D11PixelShader::Create
0x00007ff73b0ba076 (Unity) D3D11PixelShader::D3D11PixelShader
0x00007ff73b83ead8 (Unity) CreateGpuProgram
0x00007ff73b157de6 (Unity) GfxDeviceClient::CreateGpuProgram
0x00007ff73b6e913b (Unity) ShaderLab::SubProgram::Compile
0x00007ff73c16ba6c (Unity) FinalizeVariant
0x00007ff73c16db9b (Unity) GetSubProgramForShaderSnippet
0x00007ff73b6e9a68 (Unity) ShaderLab::Program::CompileShaderSubProgram
0x00007ff73b6ea9b2 (Unity) ShaderLab::Program::GetMatchingSubProgram
0x00007ff73b6f054a (Unity) ShaderLab::ShaderState::FindSubProgramsToUse
0x00007ff73b6e5770 (Unity) ShaderLab::Pass::PrepareVariant
0x00007ff73b6df8a8 (Unity) ShaderVariantCollection::WarmupOneShaderImpl
0x00007ff73b6e02a9 (Unity) ShaderVariantCollection::WarmupShadersImpl
0x00007ff73b6d79eb (Unity) ShaderVariantCollection::CompileShaders
0x00007ff73c176ec3 (Unity) WarmupEditorShaders
0x00007ff73d1a2a9e (Unity) Shader::ReloadAllShaders
0x00007ff73c7d182c (Unity) <lambda_b7fd2194c9d98d5c5f8d87939b09ad6c>::operator()
0x00007ff73c8589b2 (Unity) asio::detail::completion_handler<core::mutable_function<void __cdecl(void)> >::do_complete
0x00007ff73c85ab10 (Unity) asio::detail::win_iocp_io_service::do_one
0x00007ff73c85e28e (Unity) asio::io_service::run
0x00007ff73c7f9f9b (Unity) RunAssetImportWorkerClientV2
0x00007ff73c7f9ff0 (Unity) RunAssetImporterV2
0x00007ff73c2958b9 (Unity) Application::InitializeProject
0x00007ff73c6f5bb2 (Unity) WinMain
0x00007ff73dd84c9e (Unity) __scrt_common_main_seh
0x00007ffa44707034 (KERNEL32) BaseThreadInitThunk
0x00007ffa44cc2651 (ntdll) RtlUserThreadStart

