Using pre-set license
Built from '2020.3/staging' branch; Version is '2020.3.29f1 (2ff179115da0) revision 3142009'; Using compiler version '192528614'; Build Type 'Release'
OS: 'Windows 10  (10.0.19044) 64bit CoreSingleLanguage' Language: 'es' Physical Memory: 12069 MB
BatchMode: 1, IsHumanControllingUs: 0, StartBugReporterOnCrash: 0, Is64bit: 1, IsPro: 0

COMMAND LINE ARGUMENTS:
C:\Program Files\Unity\Hub\Editor\2020.3.29f1\Editor\Unity.exe
-adb2
-batchMode
-noUpm
-name
AssetImportWorker2
-projectPath
C:/Users/matia/Documents/GitHub/unity-repository-example/Unity Example
-logFile
Logs/AssetImportWorker2.log
-srvPort
65047
Successfully changed project path to: C:/Users/matia/Documents/GitHub/unity-repository-example/Unity Example
C:/Users/matia/Documents/GitHub/unity-repository-example/Unity Example
Using Asset Import Pipeline V2.
Refreshing native plugins compatible for Editor in 37.20 ms, found 2 plugins.
Preloading 0 native plugins for Editor in 0.00 ms.
Initialize engine version: 2020.3.29f1 (2ff179115da0)
[Subsystems] Discovering subsystems at path C:/Program Files/Unity/Hub/Editor/2020.3.29f1/Editor/Data/Resources/UnitySubsystems
[Subsystems] Discovering subsystems at path C:/Users/matia/Documents/GitHub/unity-repository-example/Unity Example/Assets
GfxDevice: creating device client; threaded=0
Direct3D:
    Version:  Direct3D 11.0 [level 11.1]
    Renderer: Intel(R) UHD Graphics (ID=0x8a56)
    Vendor:   
    VRAM:     6034 MB
    Driver:   27.20.100.8935
Initialize mono
Mono path[0] = 'C:/Program Files/Unity/Hub/Editor/2020.3.29f1/Editor/Data/Managed'
Mono path[1] = 'C:/Program Files/Unity/Hub/Editor/2020.3.29f1/Editor/Data/MonoBleedingEdge/lib/mono/unityjit'
Mono config path = 'C:/Program Files/Unity/Hub/Editor/2020.3.29f1/Editor/Data/MonoBleedingEdge/etc'
Using monoOptions --debugger-agent=transport=dt_socket,embedding=1,server=y,suspend=n,address=127.0.0.1:56260
Begin MonoManager ReloadAssembly
Registering precompiled unity dll's ...
Register platform support module: C:/Program Files/Unity/Hub/Editor/2020.3.29f1/Editor/Data/PlaybackEngines/WindowsStandaloneSupport/UnityEditor.WindowsStandalone.Extensions.dll
Registered in 0.002162 seconds.
Native extension for WindowsStandalone target not found
Refreshing native plugins compatible for Editor in 39.06 ms, found 2 plugins.
Preloading 0 native plugins for Editor in 0.00 ms.
Mono: successfully reloaded assembly
- Completed reload, in  0.621 seconds
Domain Reload Profiling:
	ReloadAssembly (621ms)
		BeginReloadAssembly (78ms)
			ExecutionOrderSort (0ms)
			DisableScriptedObjects (0ms)
			BackupInstance (0ms)
			ReleaseScriptingObjects (0ms)
			CreateAndSetChildDomain (1ms)
		EndReloadAssembly (468ms)
			LoadAssemblies (76ms)
			RebuildTransferFunctionScriptingTraits (0ms)
			SetupTypeCache (159ms)
			ReleaseScriptCaches (0ms)
			RebuildScriptCaches (29ms)
			SetupLoadedEditorAssemblies (175ms)
				LogAssemblyErrors (0ms)
				InitializePlatformSupportModulesInManaged (5ms)
				SetLoadedEditorAssemblies (0ms)
				RefreshPlugins (39ms)
				BeforeProcessingInitializeOnLoad (13ms)
				ProcessInitializeOnLoadAttributes (86ms)
				ProcessInitializeOnLoadMethodAttributes (31ms)
				AfterProcessingInitializeOnLoad (0ms)
				EditorAssembliesLoaded (0ms)
			ExecutionOrderSort2 (0ms)
			AwakeInstancesAfterBackupRestoration (0ms)
Platform modules already initialized, skipping
Registering precompiled user dll's ...
Registered in 0.003558 seconds.
Begin MonoManager ReloadAssembly
Native extension for WindowsStandalone target not found
Refreshing native plugins compatible for Editor in 0.36 ms, found 2 plugins.
Preloading 0 native plugins for Editor in 0.00 ms.
Mono: successfully reloaded assembly
- Completed reload, in  1.054 seconds
Domain Reload Profiling:
	ReloadAssembly (1055ms)
		BeginReloadAssembly (152ms)
			ExecutionOrderSort (0ms)
			DisableScriptedObjects (4ms)
			BackupInstance (0ms)
			ReleaseScriptingObjects (0ms)
			CreateAndSetChildDomain (19ms)
		EndReloadAssembly (841ms)
			LoadAssemblies (105ms)
			RebuildTransferFunctionScriptingTraits (0ms)
			SetupTypeCache (259ms)
			ReleaseScriptCaches (0ms)
			RebuildScriptCaches (45ms)
			SetupLoadedEditorAssemblies (362ms)
				LogAssemblyErrors (0ms)
				InitializePlatformSupportModulesInManaged (5ms)
				SetLoadedEditorAssemblies (1ms)
				RefreshPlugins (0ms)
				BeforeProcessingInitializeOnLoad (93ms)
				ProcessInitializeOnLoadAttributes (245ms)
				ProcessInitializeOnLoadMethodAttributes (10ms)
				AfterProcessingInitializeOnLoad (8ms)
				EditorAssembliesLoaded (0ms)
			ExecutionOrderSort2 (0ms)
			AwakeInstancesAfterBackupRestoration (6ms)
Platform modules already initialized, skipping
========================================================================
Worker process is ready to serve import requests
Launched and connected shader compiler UnityShaderCompiler.exe after 0.05 seconds
Refreshing native plugins compatible for Editor in 0.49 ms, found 2 plugins.
Preloading 0 native plugins for Editor in 0.00 ms.
Unloading 1528 Unused Serialized files (Serialized files now loaded: 0)
System memory in use before: 80.8 MB.
System memory in use after: 80.8 MB.

Unloading 16 unused Assets to reduce memory usage. Loaded Objects now: 1976.
Total: 3.907300 ms (FindLiveObjects: 0.200000 ms CreateObjectMapping: 0.091300 ms MarkObjects: 3.491000 ms  DeleteObjects: 0.123500 ms)

AssetImportParameters requested are different than current active one (requested -> active):
  custom:framework-win-MediaFoundation: 216162199b28c13a410421893ffa2e32 -> 
  custom:video-decoder-ogg-theora: a1e56fd34408186e4bbccfd4996cb3dc -> 
  custom:container-muxer-webm: aa71ff27fc2769a1b78a27578f13a17b -> 
  custom:container-demuxer-webm: 4f35f7cbe854078d1ac9338744f61a02 -> 
  custom:container-demuxer-ogg: 62fdf1f143b41e24485cea50d1cbac27 -> 
  custom:video-encoder-webm-vp8: eb34c28f22e8b96e1ab97ce403110664 -> 
  custom:video-decoder-webm-vp8: 9c59270c3fd7afecdb556c50c9e8de78 -> 
  custom:audio-decoder-ogg-vorbis: bf7c407c2cedff20999df2af8eb42d56 -> 
  custom:audio-encoder-webm-vorbis: bf7c407c2cedff20999df2af8eb42d56 -> 
========================================================================
Received Import Request.
  path: Assets/Characters/unity-chan!/Unity-chan! Model/Art/Models/unitychan.fbx
  artifactKey: Guid(8f0565f23a2b58541a475bd3c1393052) Importer(815301076,1909f56bfc062723c751e8b465ee728b)
Start importing Assets/Characters/unity-chan!/Unity-chan! Model/Art/Models/unitychan.fbx using Guid(8f0565f23a2b58541a475bd3c1393052) Importer(815301076,1909f56bfc062723c751e8b465ee728b)  -> (artifact id: '4131cfdd7708b9f9a92de918c52a9784') in 0.536167 seconds 
  Import took 0.542422 seconds .

========================================================================
Received Import Request.
  Time since last request: 0.000310 seconds.
  path: Assets/Characters/unity-chan!/Unity-chan! Model/Art/Models
  artifactKey: Guid(0651926009c11fa4b939d33f086c4028) Importer(815301076,1909f56bfc062723c751e8b465ee728b)
Start importing Assets/Characters/unity-chan!/Unity-chan! Model/Art/Models using Guid(0651926009c11fa4b939d33f086c4028) Importer(815301076,1909f56bfc062723c751e8b465ee728b)  -> (artifact id: 'e81ab3adb86631fdce5a76506127f157') in 0.004213 seconds 
  Import took 0.008087 seconds .

========================================================================
Received Import Request.
  Time since last request: 0.000326 seconds.
  path: Assets/Characters/unity-chan!/Unity-chan! Model/Art/Models/BoxUnityChan.fbx
  artifactKey: Guid(d6dad0fb52ba12f458cc7ffb66882391) Importer(815301076,1909f56bfc062723c751e8b465ee728b)
Start importing Assets/Characters/unity-chan!/Unity-chan! Model/Art/Models/BoxUnityChan.fbx using Guid(d6dad0fb52ba12f458cc7ffb66882391) Importer(815301076,1909f56bfc062723c751e8b465ee728b)  -> (artifact id: 'eace6f82ba0f47cd290267be085acef9') in 0.336037 seconds 
  Import took 0.341970 seconds .

========================================================================
Received Prepare
Registering precompiled user dll's ...
Registered in 0.004291 seconds.
Begin MonoManager ReloadAssembly
Native extension for WindowsStandalone target not found
Refreshing native plugins compatible for Editor in 0.37 ms, found 2 plugins.
Preloading 0 native plugins for Editor in 0.00 ms.
Mono: successfully reloaded assembly
- Completed reload, in  0.947 seconds
Domain Reload Profiling:
	ReloadAssembly (947ms)
		BeginReloadAssembly (121ms)
			ExecutionOrderSort (0ms)
			DisableScriptedObjects (5ms)
			BackupInstance (0ms)
			ReleaseScriptingObjects (0ms)
			CreateAndSetChildDomain (31ms)
		EndReloadAssembly (767ms)
			LoadAssemblies (111ms)
			RebuildTransferFunctionScriptingTraits (0ms)
			SetupTypeCache (257ms)
			ReleaseScriptCaches (1ms)
			RebuildScriptCaches (36ms)
			SetupLoadedEditorAssemblies (284ms)
				LogAssemblyErrors (0ms)
				InitializePlatformSupportModulesInManaged (5ms)
				SetLoadedEditorAssemblies (1ms)
				RefreshPlugins (0ms)
				BeforeProcessingInitializeOnLoad (79ms)
				ProcessInitializeOnLoadAttributes (183ms)
				ProcessInitializeOnLoadMethodAttributes (9ms)
				AfterProcessingInitializeOnLoad (7ms)
				EditorAssembliesLoaded (0ms)
			ExecutionOrderSort2 (0ms)
			AwakeInstancesAfterBackupRestoration (7ms)
Platform modules already initialized, skipping
Refreshing native plugins compatible for Editor in 0.49 ms, found 2 plugins.
Preloading 0 native plugins for Editor in 0.00 ms.
Unloading 1510 Unused Serialized files (Serialized files now loaded: 0)
System memory in use before: 96.4 MB.
System memory in use after: 96.5 MB.

Unloading 11 unused Assets to reduce memory usage. Loaded Objects now: 1989.
Total: 2.295700 ms (FindLiveObjects: 0.113300 ms CreateObjectMapping: 0.041100 ms MarkObjects: 2.111400 ms  DeleteObjects: 0.028900 ms)

AssetImportParameters requested are different than current active one (requested -> active):
  custom:framework-win-MediaFoundation: 216162199b28c13a410421893ffa2e32 -> 
  custom:video-decoder-ogg-theora: a1e56fd34408186e4bbccfd4996cb3dc -> 
  custom:container-muxer-webm: aa71ff27fc2769a1b78a27578f13a17b -> 
  custom:container-demuxer-webm: 4f35f7cbe854078d1ac9338744f61a02 -> 
  custom:container-demuxer-ogg: 62fdf1f143b41e24485cea50d1cbac27 -> 
  custom:video-encoder-webm-vp8: eb34c28f22e8b96e1ab97ce403110664 -> 
  custom:video-decoder-webm-vp8: 9c59270c3fd7afecdb556c50c9e8de78 -> 
  custom:audio-decoder-ogg-vorbis: bf7c407c2cedff20999df2af8eb42d56 -> 
  custom:audio-encoder-webm-vorbis: bf7c407c2cedff20999df2af8eb42d56 -> 
========================================================================
Received Prepare
Registering precompiled user dll's ...
Registered in 0.003738 seconds.
Begin MonoManager ReloadAssembly
Native extension for WindowsStandalone target not found
Refreshing native plugins compatible for Editor in 0.37 ms, found 2 plugins.
Preloading 0 native plugins for Editor in 0.00 ms.
Mono: successfully reloaded assembly
- Completed reload, in  1.327 seconds
Domain Reload Profiling:
	ReloadAssembly (1327ms)
		BeginReloadAssembly (191ms)
			ExecutionOrderSort (0ms)
			DisableScriptedObjects (4ms)
			BackupInstance (0ms)
			ReleaseScriptingObjects (0ms)
			CreateAndSetChildDomain (58ms)
		EndReloadAssembly (1054ms)
			LoadAssemblies (153ms)
			RebuildTransferFunctionScriptingTraits (0ms)
			SetupTypeCache (370ms)
			ReleaseScriptCaches (3ms)
			RebuildScriptCaches (47ms)
			SetupLoadedEditorAssemblies (409ms)
				LogAssemblyErrors (0ms)
				InitializePlatformSupportModulesInManaged (10ms)
				SetLoadedEditorAssemblies (0ms)
				RefreshPlugins (0ms)
				BeforeProcessingInitializeOnLoad (111ms)
				ProcessInitializeOnLoadAttributes (261ms)
				ProcessInitializeOnLoadMethodAttributes (19ms)
				AfterProcessingInitializeOnLoad (7ms)
				EditorAssembliesLoaded (0ms)
			ExecutionOrderSort2 (0ms)
			AwakeInstancesAfterBackupRestoration (6ms)
Platform modules already initialized, skipping
Refreshing native plugins compatible for Editor in 0.58 ms, found 2 plugins.
Preloading 0 native plugins for Editor in 0.00 ms.
Unloading 1510 Unused Serialized files (Serialized files now loaded: 0)
System memory in use before: 96.4 MB.
System memory in use after: 96.6 MB.

Unloading 11 unused Assets to reduce memory usage. Loaded Objects now: 1991.
Total: 3.034700 ms (FindLiveObjects: 0.121600 ms CreateObjectMapping: 0.043300 ms MarkObjects: 2.844000 ms  DeleteObjects: 0.024500 ms)

AssetImportParameters requested are different than current active one (requested -> active):
  custom:framework-win-MediaFoundation: 216162199b28c13a410421893ffa2e32 -> 
  custom:video-decoder-ogg-theora: a1e56fd34408186e4bbccfd4996cb3dc -> 
  custom:container-muxer-webm: aa71ff27fc2769a1b78a27578f13a17b -> 
  custom:container-demuxer-webm: 4f35f7cbe854078d1ac9338744f61a02 -> 
  custom:container-demuxer-ogg: 62fdf1f143b41e24485cea50d1cbac27 -> 
  custom:video-encoder-webm-vp8: eb34c28f22e8b96e1ab97ce403110664 -> 
  custom:video-decoder-webm-vp8: 9c59270c3fd7afecdb556c50c9e8de78 -> 
  custom:audio-decoder-ogg-vorbis: bf7c407c2cedff20999df2af8eb42d56 -> 
  custom:audio-encoder-webm-vorbis: bf7c407c2cedff20999df2af8eb42d56 -> 
========================================================================
Received Prepare
Registering precompiled user dll's ...
Registered in 0.004214 seconds.
Begin MonoManager ReloadAssembly
Native extension for WindowsStandalone target not found
Refreshing native plugins compatible for Editor in 0.36 ms, found 2 plugins.
Preloading 0 native plugins for Editor in 0.00 ms.
Mono: successfully reloaded assembly
- Completed reload, in  1.350 seconds
Domain Reload Profiling:
	ReloadAssembly (1351ms)
		BeginReloadAssembly (173ms)
			ExecutionOrderSort (0ms)
			DisableScriptedObjects (10ms)
			BackupInstance (0ms)
			ReleaseScriptingObjects (0ms)
			CreateAndSetChildDomain (52ms)
		EndReloadAssembly (1094ms)
			LoadAssemblies (150ms)
			RebuildTransferFunctionScriptingTraits (0ms)
			SetupTypeCache (346ms)
			ReleaseScriptCaches (1ms)
			RebuildScriptCaches (52ms)
			SetupLoadedEditorAssemblies (411ms)
				LogAssemblyErrors (0ms)
				InitializePlatformSupportModulesInManaged (13ms)
				SetLoadedEditorAssemblies (1ms)
				RefreshPlugins (0ms)
				BeforeProcessingInitializeOnLoad (116ms)
				ProcessInitializeOnLoadAttributes (256ms)
				ProcessInitializeOnLoadMethodAttributes (17ms)
				AfterProcessingInitializeOnLoad (8ms)
				EditorAssembliesLoaded (0ms)
			ExecutionOrderSort2 (0ms)
			AwakeInstancesAfterBackupRestoration (11ms)
Platform modules already initialized, skipping
Refreshing native plugins compatible for Editor in 0.40 ms, found 2 plugins.
Preloading 0 native plugins for Editor in 0.00 ms.
Unloading 1510 Unused Serialized files (Serialized files now loaded: 0)
System memory in use before: 96.5 MB.
System memory in use after: 96.6 MB.

Unloading 11 unused Assets to reduce memory usage. Loaded Objects now: 1993.
Total: 2.713300 ms (FindLiveObjects: 0.123700 ms CreateObjectMapping: 0.043100 ms MarkObjects: 2.515900 ms  DeleteObjects: 0.029600 ms)

AssetImportParameters requested are different than current active one (requested -> active):
  custom:framework-win-MediaFoundation: 216162199b28c13a410421893ffa2e32 -> 
  custom:video-decoder-ogg-theora: a1e56fd34408186e4bbccfd4996cb3dc -> 
  custom:container-muxer-webm: aa71ff27fc2769a1b78a27578f13a17b -> 
  custom:container-demuxer-webm: 4f35f7cbe854078d1ac9338744f61a02 -> 
  custom:container-demuxer-ogg: 62fdf1f143b41e24485cea50d1cbac27 -> 
  custom:video-encoder-webm-vp8: eb34c28f22e8b96e1ab97ce403110664 -> 
  custom:video-decoder-webm-vp8: 9c59270c3fd7afecdb556c50c9e8de78 -> 
  custom:audio-decoder-ogg-vorbis: bf7c407c2cedff20999df2af8eb42d56 -> 
  custom:audio-encoder-webm-vorbis: bf7c407c2cedff20999df2af8eb42d56 -> 
========================================================================
Received Import Request.
  Time since last request: 3046.472986 seconds.
  path: Assets/Weapons/Free medieval weapons/Models
  artifactKey: Guid(6f9c7fe55bc830a44a83f67f55a1b931) Importer(815301076,1909f56bfc062723c751e8b465ee728b)
Start importing Assets/Weapons/Free medieval weapons/Models using Guid(6f9c7fe55bc830a44a83f67f55a1b931) Importer(815301076,1909f56bfc062723c751e8b465ee728b)  -> (artifact id: '832e908e8c8ac1c91d5951614c9226de') in 0.015131 seconds 
  Import took 0.019867 seconds .

========================================================================
Received Import Request.
  Time since last request: 0.055346 seconds.
  path: Assets/Weapons/Free medieval weapons/Models/Arrow_stick.fbx
  artifactKey: Guid(5b4335161d9fa504c9ec268fe6a0a12b) Importer(815301076,1909f56bfc062723c751e8b465ee728b)
Start importing Assets/Weapons/Free medieval weapons/Models/Arrow_stick.fbx using Guid(5b4335161d9fa504c9ec268fe6a0a12b) Importer(815301076,1909f56bfc062723c751e8b465ee728b)  -> (artifact id: 'b70dc764b2ead5e87c577c1f2f32b082') in 0.107943 seconds 
  Import took 0.112115 seconds .

========================================================================
Received Import Request.
  Time since last request: 0.000212 seconds.
  path: Assets/Weapons/Free medieval weapons/Models/Wooden Bow.fbx
  artifactKey: Guid(0be2ba322dd85494db39a44ee439af41) Importer(815301076,1909f56bfc062723c751e8b465ee728b)
Start importing Assets/Weapons/Free medieval weapons/Models/Wooden Bow.fbx using Guid(0be2ba322dd85494db39a44ee439af41) Importer(815301076,1909f56bfc062723c751e8b465ee728b)  -> (artifact id: '9d1387b3716df23ae8f65e26faf6291c') in 0.074800 seconds 
  Import took 0.077358 seconds .

========================================================================
Received Import Request.
  Time since last request: 0.000254 seconds.
  path: Assets/Weapons/Free medieval weapons/Models/Weapons.fbx
  artifactKey: Guid(9aee63a8fb5917e479df7d2311f3bd99) Importer(815301076,1909f56bfc062723c751e8b465ee728b)
Start importing Assets/Weapons/Free medieval weapons/Models/Weapons.fbx using Guid(9aee63a8fb5917e479df7d2311f3bd99) Importer(815301076,1909f56bfc062723c751e8b465ee728b)  -> (artifact id: 'ba3061057e6df3e3db018f92642413ef') in 0.107880 seconds 
  Import took 0.110439 seconds .

========================================================================
Received Import Request.
  Time since last request: 0.000220 seconds.
  path: Assets/Weapons/Free medieval weapons/Models/arrowhead.fbx
  artifactKey: Guid(fccf86917e7f8a242ae8cdd285805065) Importer(815301076,1909f56bfc062723c751e8b465ee728b)
Start importing Assets/Weapons/Free medieval weapons/Models/arrowhead.fbx using Guid(fccf86917e7f8a242ae8cdd285805065) Importer(815301076,1909f56bfc062723c751e8b465ee728b)  -> (artifact id: '784339eb4790baec945ee9a2c9465a53') in 0.050979 seconds 
  Import took 0.053653 seconds .

========================================================================
Received Prepare
Registering precompiled user dll's ...
Registered in 0.006859 seconds.
Begin MonoManager ReloadAssembly
Native extension for WindowsStandalone target not found
Refreshing native plugins compatible for Editor in 0.84 ms, found 2 plugins.
Preloading 0 native plugins for Editor in 0.00 ms.
Mono: successfully reloaded assembly
- Completed reload, in  2.584 seconds
Domain Reload Profiling:
	ReloadAssembly (2585ms)
		BeginReloadAssembly (229ms)
			ExecutionOrderSort (0ms)
			DisableScriptedObjects (5ms)
			BackupInstance (0ms)
			ReleaseScriptingObjects (0ms)
			CreateAndSetChildDomain (65ms)
		EndReloadAssembly (2238ms)
			LoadAssemblies (218ms)
			RebuildTransferFunctionScriptingTraits (0ms)
			SetupTypeCache (499ms)
			ReleaseScriptCaches (2ms)
			RebuildScriptCaches (77ms)
			SetupLoadedEditorAssemblies (1197ms)
				LogAssemblyErrors (0ms)
				InitializePlatformSupportModulesInManaged (11ms)
				SetLoadedEditorAssemblies (1ms)
				RefreshPlugins (1ms)
				BeforeProcessingInitializeOnLoad (270ms)
				ProcessInitializeOnLoadAttributes (832ms)
				ProcessInitializeOnLoadMethodAttributes (42ms)
				AfterProcessingInitializeOnLoad (38ms)
				EditorAssembliesLoaded (1ms)
			ExecutionOrderSort2 (0ms)
			AwakeInstancesAfterBackupRestoration (34ms)
Platform modules already initialized, skipping
Refreshing native plugins compatible for Editor in 0.77 ms, found 2 plugins.
Preloading 0 native plugins for Editor in 0.00 ms.
Unloading 1510 Unused Serialized files (Serialized files now loaded: 0)
System memory in use before: 96.6 MB.
System memory in use after: 96.8 MB.

Unloading 11 unused Assets to reduce memory usage. Loaded Objects now: 2029.
Total: 9.773300 ms (FindLiveObjects: 0.704200 ms CreateObjectMapping: 0.887900 ms MarkObjects: 8.090000 ms  DeleteObjects: 0.087200 ms)

AssetImportParameters requested are different than current active one (requested -> active):
  custom:framework-win-MediaFoundation: 216162199b28c13a410421893ffa2e32 -> 
  custom:video-decoder-ogg-theora: a1e56fd34408186e4bbccfd4996cb3dc -> 
  custom:container-muxer-webm: aa71ff27fc2769a1b78a27578f13a17b -> 
  custom:container-demuxer-webm: 4f35f7cbe854078d1ac9338744f61a02 -> 
  custom:container-demuxer-ogg: 62fdf1f143b41e24485cea50d1cbac27 -> 
  custom:video-encoder-webm-vp8: eb34c28f22e8b96e1ab97ce403110664 -> 
  custom:video-decoder-webm-vp8: 9c59270c3fd7afecdb556c50c9e8de78 -> 
  custom:audio-decoder-ogg-vorbis: bf7c407c2cedff20999df2af8eb42d56 -> 
  custom:audio-encoder-webm-vorbis: bf7c407c2cedff20999df2af8eb42d56 -> 
========================================================================
Received Prepare
Registering precompiled user dll's ...
Registered in 0.003493 seconds.
Begin MonoManager ReloadAssembly
Native extension for WindowsStandalone target not found
Refreshing native plugins compatible for Editor in 0.66 ms, found 2 plugins.
Preloading 0 native plugins for Editor in 0.00 ms.
Mono: successfully reloaded assembly
- Completed reload, in  1.223 seconds
Domain Reload Profiling:
	ReloadAssembly (1224ms)
		BeginReloadAssembly (112ms)
			ExecutionOrderSort (0ms)
			DisableScriptedObjects (4ms)
			BackupInstance (0ms)
			ReleaseScriptingObjects (0ms)
			CreateAndSetChildDomain (29ms)
		EndReloadAssembly (1053ms)
			LoadAssemblies (124ms)
			RebuildTransferFunctionScriptingTraits (0ms)
			SetupTypeCache (363ms)
			ReleaseScriptCaches (1ms)
			RebuildScriptCaches (52ms)
			SetupLoadedEditorAssemblies (383ms)
				LogAssemblyErrors (0ms)
				InitializePlatformSupportModulesInManaged (7ms)
				SetLoadedEditorAssemblies (1ms)
				RefreshPlugins (1ms)
				BeforeProcessingInitializeOnLoad (113ms)
				ProcessInitializeOnLoadAttributes (244ms)
				ProcessInitializeOnLoadMethodAttributes (10ms)
				AfterProcessingInitializeOnLoad (7ms)
				EditorAssembliesLoaded (0ms)
			ExecutionOrderSort2 (0ms)
			AwakeInstancesAfterBackupRestoration (6ms)
Platform modules already initialized, skipping
Refreshing native plugins compatible for Editor in 0.45 ms, found 2 plugins.
Preloading 0 native plugins for Editor in 0.00 ms.
Unloading 1510 Unused Serialized files (Serialized files now loaded: 0)
System memory in use before: 96.7 MB.
System memory in use after: 96.8 MB.

Unloading 11 unused Assets to reduce memory usage. Loaded Objects now: 2031.
Total: 2.404400 ms (FindLiveObjects: 0.172800 ms CreateObjectMapping: 0.068900 ms MarkObjects: 2.138900 ms  DeleteObjects: 0.022700 ms)

AssetImportParameters requested are different than current active one (requested -> active):
  custom:framework-win-MediaFoundation: 216162199b28c13a410421893ffa2e32 -> 
  custom:video-decoder-ogg-theora: a1e56fd34408186e4bbccfd4996cb3dc -> 
  custom:container-muxer-webm: aa71ff27fc2769a1b78a27578f13a17b -> 
  custom:container-demuxer-webm: 4f35f7cbe854078d1ac9338744f61a02 -> 
  custom:container-demuxer-ogg: 62fdf1f143b41e24485cea50d1cbac27 -> 
  custom:video-encoder-webm-vp8: eb34c28f22e8b96e1ab97ce403110664 -> 
  custom:video-decoder-webm-vp8: 9c59270c3fd7afecdb556c50c9e8de78 -> 
  custom:audio-decoder-ogg-vorbis: bf7c407c2cedff20999df2af8eb42d56 -> 
  custom:audio-encoder-webm-vorbis: bf7c407c2cedff20999df2af8eb42d56 -> 
========================================================================
Received Import Request.
  Time since last request: 1583.003499 seconds.
  path: Assets/Maps/Fantasy Forest Environment Free Sample/Scenes/TerrainData_0d0a07f5-17d2-40f4-a2dc-0722b49b83a9.asset
  artifactKey: Guid(f9b13b2a145cd3a4888ba751c3dedcc1) Importer(815301076,1909f56bfc062723c751e8b465ee728b)
Start importing Assets/Maps/Fantasy Forest Environment Free Sample/Scenes/TerrainData_0d0a07f5-17d2-40f4-a2dc-0722b49b83a9.asset using Guid(f9b13b2a145cd3a4888ba751c3dedcc1) Importer(815301076,1909f56bfc062723c751e8b465ee728b)  -> (artifact id: '5824dff852ac6ddba56c76f8d120bb1d') in 0.101518 seconds 
  Import took 0.106609 seconds .

========================================================================
Received Import Request.
  Time since last request: 0.000232 seconds.
  path: Assets/Maps/Fantasy Forest Environment Free Sample/Scenes/TerrainData_4c581259-04c9-4892-86ff-2a60a34d77dc.asset
  artifactKey: Guid(7756a38ff61807047aab7a2086702def) Importer(815301076,1909f56bfc062723c751e8b465ee728b)
Start importing Assets/Maps/Fantasy Forest Environment Free Sample/Scenes/TerrainData_4c581259-04c9-4892-86ff-2a60a34d77dc.asset using Guid(7756a38ff61807047aab7a2086702def) Importer(815301076,1909f56bfc062723c751e8b465ee728b)  -> (artifact id: '1ced2c009fb8f37ea681660bcf5986cd') in 0.025749 seconds 
  Import took 0.030325 seconds .

========================================================================
Received Import Request.
  Time since last request: 0.000287 seconds.
  path: Assets/Maps/Fantasy Forest Environment Free Sample/Scenes/TerrainData_8d47f655-6904-4dbd-9046-7b2e073575e7.asset
  artifactKey: Guid(c49a7d3c47ddc6e429155d2e73cefa0e) Importer(815301076,1909f56bfc062723c751e8b465ee728b)
Start importing Assets/Maps/Fantasy Forest Environment Free Sample/Scenes/TerrainData_8d47f655-6904-4dbd-9046-7b2e073575e7.asset using Guid(c49a7d3c47ddc6e429155d2e73cefa0e) Importer(815301076,1909f56bfc062723c751e8b465ee728b)  -> (artifact id: '2ebc0db26c62684068645c064f9e5a80') in 0.035406 seconds 
  Import took 0.041811 seconds .

========================================================================
Received Import Request.
  Time since last request: 0.000343 seconds.
  path: Assets/Maps/Fantasy Forest Environment Free Sample/Scenes/TerrainData_65862f84-eb28-423e-b9ba-67f1085d8660.asset
  artifactKey: Guid(58df9305209d03b4fb66a432e64b5a07) Importer(815301076,1909f56bfc062723c751e8b465ee728b)
Start importing Assets/Maps/Fantasy Forest Environment Free Sample/Scenes/TerrainData_65862f84-eb28-423e-b9ba-67f1085d8660.asset using Guid(58df9305209d03b4fb66a432e64b5a07) Importer(815301076,1909f56bfc062723c751e8b465ee728b)  -> (artifact id: 'bc65043c4859f03fd435cd9316a75e4d') in 0.037081 seconds 
  Import took 0.042697 seconds .

========================================================================
Received Import Request.
  Time since last request: 0.000390 seconds.
  path: Assets/Maps/Fantasy Forest Environment Free Sample/Scenes/TerrainData_0915a8ab-282e-4d44-9a96-983ebede22c4.asset
  artifactKey: Guid(adcaa9b32c79de14d9541d9301d7d9be) Importer(815301076,1909f56bfc062723c751e8b465ee728b)
Start importing Assets/Maps/Fantasy Forest Environment Free Sample/Scenes/TerrainData_0915a8ab-282e-4d44-9a96-983ebede22c4.asset using Guid(adcaa9b32c79de14d9541d9301d7d9be) Importer(815301076,1909f56bfc062723c751e8b465ee728b)  -> (artifact id: '46b100893888f485accc16328854f8ba') in 0.034819 seconds 
  Import took 0.038896 seconds .

========================================================================
Received Import Request.
  Time since last request: 0.001332 seconds.
  path: Assets/Maps/Fantasy Forest Environment Free Sample/Scenes/TerrainData_8e107309-8f65-4410-b607-10583f736779.asset
  artifactKey: Guid(8b42300143929bf4cad23f262734525b) Importer(815301076,1909f56bfc062723c751e8b465ee728b)
Start importing Assets/Maps/Fantasy Forest Environment Free Sample/Scenes/TerrainData_8e107309-8f65-4410-b607-10583f736779.asset using Guid(8b42300143929bf4cad23f262734525b) Importer(815301076,1909f56bfc062723c751e8b465ee728b)  -> (artifact id: 'f0250b07d7fd9dde598aa12761a27435') in 0.033904 seconds 
  Import took 0.038846 seconds .

========================================================================
Received Import Request.
  Time since last request: 0.000335 seconds.
  path: Assets/Maps/Fantasy Forest Environment Free Sample/Scenes/TerrainData_93d2d832-327b-4024-b936-19825e9409d0.asset
  artifactKey: Guid(ea06febfd28c1ed42a3dca5e48e90a9c) Importer(815301076,1909f56bfc062723c751e8b465ee728b)
Start importing Assets/Maps/Fantasy Forest Environment Free Sample/Scenes/TerrainData_93d2d832-327b-4024-b936-19825e9409d0.asset using Guid(ea06febfd28c1ed42a3dca5e48e90a9c) Importer(815301076,1909f56bfc062723c751e8b465ee728b)  -> (artifact id: '30ba987e4a2ab5b7383a3394698d041c') in 0.034023 seconds 
  Import took 0.039718 seconds .

========================================================================
Received Import Request.
  Time since last request: 0.000311 seconds.
  path: Assets/Maps/Fantasy Forest Environment Free Sample/Scenes/TerrainData_13b110b2-d29e-4c18-8834-bad947007bdf.asset
  artifactKey: Guid(a471953250c9f9b4baa636193a335ce2) Importer(815301076,1909f56bfc062723c751e8b465ee728b)
Start importing Assets/Maps/Fantasy Forest Environment Free Sample/Scenes/TerrainData_13b110b2-d29e-4c18-8834-bad947007bdf.asset using Guid(a471953250c9f9b4baa636193a335ce2) Importer(815301076,1909f56bfc062723c751e8b465ee728b)  -> (artifact id: '89317b0698d725e32960e94ea390cb18') in 0.031096 seconds 
  Import took 0.038695 seconds .

========================================================================
Received Import Request.
  Time since last request: 0.000239 seconds.
  path: Assets/Maps/Fantasy Forest Environment Free Sample/Scenes/TerrainData_101fff11-47b1-4e36-9a91-782829e87ad6.asset
  artifactKey: Guid(abd0de466dbaeb542b901eb357c8ec36) Importer(815301076,1909f56bfc062723c751e8b465ee728b)
Start importing Assets/Maps/Fantasy Forest Environment Free Sample/Scenes/TerrainData_101fff11-47b1-4e36-9a91-782829e87ad6.asset using Guid(abd0de466dbaeb542b901eb357c8ec36) Importer(815301076,1909f56bfc062723c751e8b465ee728b)  -> (artifact id: 'df8b0d24f223fa12296613dfca36708c') in 0.029753 seconds 
  Import took 0.034079 seconds .

========================================================================
Received Import Request.
  Time since last request: 0.000380 seconds.
  path: Assets/Maps/Fantasy Forest Environment Free Sample/Scenes/TerrainData_abd11c9d-dfb0-400c-9abd-4c8d52bdf222.asset
  artifactKey: Guid(d773c384b9b7d7349a1dde95218bfa2e) Importer(815301076,1909f56bfc062723c751e8b465ee728b)
Start importing Assets/Maps/Fantasy Forest Environment Free Sample/Scenes/TerrainData_abd11c9d-dfb0-400c-9abd-4c8d52bdf222.asset using Guid(d773c384b9b7d7349a1dde95218bfa2e) Importer(815301076,1909f56bfc062723c751e8b465ee728b)  -> (artifact id: 'e3ccb7a227bc1eae68977c55d591fb17') in 0.033989 seconds 
  Import took 0.040228 seconds .

========================================================================
Received Import Request.
  Time since last request: 0.000299 seconds.
  path: Assets/Maps/Fantasy Forest Environment Free Sample/Scenes/TerrainData_e0c8cd39-2c42-4587-a427-25e78200963c.asset
  artifactKey: Guid(b975e64ca9a03bb45a1bbc5aee454c74) Importer(815301076,1909f56bfc062723c751e8b465ee728b)
Start importing Assets/Maps/Fantasy Forest Environment Free Sample/Scenes/TerrainData_e0c8cd39-2c42-4587-a427-25e78200963c.asset using Guid(b975e64ca9a03bb45a1bbc5aee454c74) Importer(815301076,1909f56bfc062723c751e8b465ee728b)  -> (artifact id: '690dfdbc8b3f87cd3d5789550118f12e') in 0.030702 seconds 
  Import took 0.035392 seconds .

========================================================================
Received Import Request.
  Time since last request: 0.000383 seconds.
  path: Assets/Maps/Fantasy Forest Environment Free Sample/Scenes/TerrainData_9c2a989b-1679-454f-b63e-8cf85d9f1cb6.asset
  artifactKey: Guid(b9514eb46cfc4fe4faa6ade0ca829023) Importer(815301076,1909f56bfc062723c751e8b465ee728b)
Start importing Assets/Maps/Fantasy Forest Environment Free Sample/Scenes/TerrainData_9c2a989b-1679-454f-b63e-8cf85d9f1cb6.asset using Guid(b9514eb46cfc4fe4faa6ade0ca829023) Importer(815301076,1909f56bfc062723c751e8b465ee728b)  -> (artifact id: 'c58a0f94006d9cce16ed05a650b17a13') in 0.030752 seconds 
  Import took 0.036226 seconds .

========================================================================
Received Import Request.
  Time since last request: 0.000363 seconds.
  path: Assets/Maps/Fantasy Forest Environment Free Sample/Scenes/TerrainData_ea366077-d316-4fa1-82cb-72fa65945d33.asset
  artifactKey: Guid(61746600d072f3040949e1e636630e01) Importer(815301076,1909f56bfc062723c751e8b465ee728b)
Start importing Assets/Maps/Fantasy Forest Environment Free Sample/Scenes/TerrainData_ea366077-d316-4fa1-82cb-72fa65945d33.asset using Guid(61746600d072f3040949e1e636630e01) Importer(815301076,1909f56bfc062723c751e8b465ee728b)  -> (artifact id: '08df28392b0dbefab8376704b396a380') in 0.031123 seconds 
  Import took 0.036991 seconds .

========================================================================
Received Import Request.
  Time since last request: 228.725814 seconds.
  path: Assets/Maps/Fantasy Forest Environment Free Sample/Scenes/TerrainData_c97f31d2-3473-4aad-9d21-bb71f6f91c92.asset
  artifactKey: Guid(1bb298aacc2eaea4d98ffe45e5d691a1) Importer(815301076,1909f56bfc062723c751e8b465ee728b)
Start importing Assets/Maps/Fantasy Forest Environment Free Sample/Scenes/TerrainData_c97f31d2-3473-4aad-9d21-bb71f6f91c92.asset using Guid(1bb298aacc2eaea4d98ffe45e5d691a1) Importer(815301076,1909f56bfc062723c751e8b465ee728b)  -> (artifact id: '80c8a5726401aee0a266452be85b8aae') in 0.037819 seconds 
  Import took 0.041239 seconds .

========================================================================
Received Import Request.
  Time since last request: 0.939066 seconds.
  path: Assets/Maps/Fantasy Forest Environment Free Sample/Scenes/TerrainData_0d754d10-d86a-4c7a-a5ec-284a1c462d1c.asset
  artifactKey: Guid(9689383a17482f449a3cb3ee6220a2c8) Importer(815301076,1909f56bfc062723c751e8b465ee728b)
Start importing Assets/Maps/Fantasy Forest Environment Free Sample/Scenes/TerrainData_0d754d10-d86a-4c7a-a5ec-284a1c462d1c.asset using Guid(9689383a17482f449a3cb3ee6220a2c8) Importer(815301076,1909f56bfc062723c751e8b465ee728b)  -> (artifact id: '54fc5ea03390b65c1315ab85ecd6640a') in 0.044212 seconds 
  Import took 0.047377 seconds .

========================================================================
Received Import Request.
  Time since last request: 4.366338 seconds.
  path: Assets/Maps/Fantasy Forest Environment Free Sample/Scenes/TerrainData_afed2cc9-c0f2-4d64-bc55-33df5ff5f17f.asset
  artifactKey: Guid(12934fbf492ace242a4fa30f74df7685) Importer(815301076,1909f56bfc062723c751e8b465ee728b)
Start importing Assets/Maps/Fantasy Forest Environment Free Sample/Scenes/TerrainData_afed2cc9-c0f2-4d64-bc55-33df5ff5f17f.asset using Guid(12934fbf492ace242a4fa30f74df7685) Importer(815301076,1909f56bfc062723c751e8b465ee728b)  -> (artifact id: 'ec68eb7a24af9963ef1b85f03ed51855') in 0.041775 seconds 
  Import took 0.044764 seconds .

========================================================================
Received Import Request.
  Time since last request: 75.040150 seconds.
  path: Assets/Maps/Fantasy Forest Environment Free Sample/Scenes/TerrainData_12bb9187-9999-446b-b93e-50dc97dc69a2.asset
  artifactKey: Guid(e8ffae1b36e80fe45b5048f7422a33e2) Importer(815301076,1909f56bfc062723c751e8b465ee728b)
Start importing Assets/Maps/Fantasy Forest Environment Free Sample/Scenes/TerrainData_12bb9187-9999-446b-b93e-50dc97dc69a2.asset using Guid(e8ffae1b36e80fe45b5048f7422a33e2) Importer(815301076,1909f56bfc062723c751e8b465ee728b)  -> (artifact id: '5612048ec0c36eb064769fe038bcbcd8') in 0.044179 seconds 
  Import took 0.048462 seconds .

========================================================================
Received Import Request.
  Time since last request: 243.909958 seconds.
  path: Assets/Maps/Fantasy Forest Environment Free Sample/Scenes/New Terrain.asset
  artifactKey: Guid(02bc0e2176f6a4e4ea3faf0c622664cf) Importer(815301076,1909f56bfc062723c751e8b465ee728b)
Start importing Assets/Maps/Fantasy Forest Environment Free Sample/Scenes/New Terrain.asset using Guid(02bc0e2176f6a4e4ea3faf0c622664cf) Importer(815301076,1909f56bfc062723c751e8b465ee728b)  -> (artifact id: 'dc7bd127cc05f72dca86689c925d3800') in 0.047342 seconds 
  Import took 0.051545 seconds .

========================================================================
Received Import Request.
  Time since last request: 0.000255 seconds.
  path: Assets/Maps/Fantasy Forest Environment Free Sample/Scenes/TerrainData_12bb9187-9999-446b-b93e-50dc97dc69a2.asset
  artifactKey: Guid(e8ffae1b36e80fe45b5048f7422a33e2) Importer(815301076,1909f56bfc062723c751e8b465ee728b)
Start importing Assets/Maps/Fantasy Forest Environment Free Sample/Scenes/TerrainData_12bb9187-9999-446b-b93e-50dc97dc69a2.asset using Guid(e8ffae1b36e80fe45b5048f7422a33e2) Importer(815301076,1909f56bfc062723c751e8b465ee728b)  -> (artifact id: '56f6d5cf4083c0dc69fbe1a38b6b9d37') in 0.038520 seconds 
  Import took 0.042756 seconds .

========================================================================
Received Import Request.
  Time since last request: 0.000250 seconds.
  path: Assets/Maps/Fantasy Forest Environment Free Sample/Scenes/TerrainData_4c581259-04c9-4892-86ff-2a60a34d77dc.asset
  artifactKey: Guid(7756a38ff61807047aab7a2086702def) Importer(815301076,1909f56bfc062723c751e8b465ee728b)
Start importing Assets/Maps/Fantasy Forest Environment Free Sample/Scenes/TerrainData_4c581259-04c9-4892-86ff-2a60a34d77dc.asset using Guid(7756a38ff61807047aab7a2086702def) Importer(815301076,1909f56bfc062723c751e8b465ee728b)  -> (artifact id: '61db125b631a57be74f10805bf02d815') in 0.033700 seconds 
  Import took 0.037979 seconds .

========================================================================
Received Import Request.
  Time since last request: 0.000301 seconds.
  path: Assets/Maps/Fantasy Forest Environment Free Sample/Scenes/TerrainData_8d47f655-6904-4dbd-9046-7b2e073575e7.asset
  artifactKey: Guid(c49a7d3c47ddc6e429155d2e73cefa0e) Importer(815301076,1909f56bfc062723c751e8b465ee728b)
Start importing Assets/Maps/Fantasy Forest Environment Free Sample/Scenes/TerrainData_8d47f655-6904-4dbd-9046-7b2e073575e7.asset using Guid(c49a7d3c47ddc6e429155d2e73cefa0e) Importer(815301076,1909f56bfc062723c751e8b465ee728b)  -> (artifact id: '11bb5aa7b9a20f5a64865a4cd89d0133') in 0.027961 seconds 
  Import took 0.030881 seconds .

========================================================================
Received Import Request.
  Time since last request: 0.000241 seconds.
  path: Assets/Maps/Fantasy Forest Environment Free Sample/Scenes/TerrainData_65862f84-eb28-423e-b9ba-67f1085d8660.asset
  artifactKey: Guid(58df9305209d03b4fb66a432e64b5a07) Importer(815301076,1909f56bfc062723c751e8b465ee728b)
Start importing Assets/Maps/Fantasy Forest Environment Free Sample/Scenes/TerrainData_65862f84-eb28-423e-b9ba-67f1085d8660.asset using Guid(58df9305209d03b4fb66a432e64b5a07) Importer(815301076,1909f56bfc062723c751e8b465ee728b)  -> (artifact id: 'bc08f0990e87553e84034f8fbaa48e44') in 0.023665 seconds 
  Import took 0.026840 seconds .

========================================================================
Received Import Request.
  Time since last request: 0.000477 seconds.
  path: Assets/Maps/Fantasy Forest Environment Free Sample/Scenes/TerrainData_0915a8ab-282e-4d44-9a96-983ebede22c4.asset
  artifactKey: Guid(adcaa9b32c79de14d9541d9301d7d9be) Importer(815301076,1909f56bfc062723c751e8b465ee728b)
Start importing Assets/Maps/Fantasy Forest Environment Free Sample/Scenes/TerrainData_0915a8ab-282e-4d44-9a96-983ebede22c4.asset using Guid(adcaa9b32c79de14d9541d9301d7d9be) Importer(815301076,1909f56bfc062723c751e8b465ee728b)  -> (artifact id: 'f2c4c97716ebcc31549dc90c1e0a5d56') in 0.027859 seconds 
  Import took 0.031656 seconds .

========================================================================
Received Import Request.
  Time since last request: 0.000348 seconds.
  path: Assets/Maps/Fantasy Forest Environment Free Sample/Scenes/TerrainData_afed2cc9-c0f2-4d64-bc55-33df5ff5f17f.asset
  artifactKey: Guid(12934fbf492ace242a4fa30f74df7685) Importer(815301076,1909f56bfc062723c751e8b465ee728b)
Start importing Assets/Maps/Fantasy Forest Environment Free Sample/Scenes/TerrainData_afed2cc9-c0f2-4d64-bc55-33df5ff5f17f.asset using Guid(12934fbf492ace242a4fa30f74df7685) Importer(815301076,1909f56bfc062723c751e8b465ee728b)  -> (artifact id: '5057e7abc903ea258c4266020dd1693d') in 0.025601 seconds 
  Import took 0.029250 seconds .

========================================================================
Received Import Request.
  Time since last request: 0.000287 seconds.
  path: Assets/Maps/Fantasy Forest Environment Free Sample/Scenes/TerrainData_8e107309-8f65-4410-b607-10583f736779.asset
  artifactKey: Guid(8b42300143929bf4cad23f262734525b) Importer(815301076,1909f56bfc062723c751e8b465ee728b)
Start importing Assets/Maps/Fantasy Forest Environment Free Sample/Scenes/TerrainData_8e107309-8f65-4410-b607-10583f736779.asset using Guid(8b42300143929bf4cad23f262734525b) Importer(815301076,1909f56bfc062723c751e8b465ee728b)  -> (artifact id: '53fd5ffe72866fb7c99dd2c3b21020d9') in 0.025234 seconds 
  Import took 0.029089 seconds .

========================================================================
Received Import Request.
  Time since last request: 0.000372 seconds.
  path: Assets/Maps/Fantasy Forest Environment Free Sample/Scenes/TerrainData_c97f31d2-3473-4aad-9d21-bb71f6f91c92.asset
  artifactKey: Guid(1bb298aacc2eaea4d98ffe45e5d691a1) Importer(815301076,1909f56bfc062723c751e8b465ee728b)
Start importing Assets/Maps/Fantasy Forest Environment Free Sample/Scenes/TerrainData_c97f31d2-3473-4aad-9d21-bb71f6f91c92.asset using Guid(1bb298aacc2eaea4d98ffe45e5d691a1) Importer(815301076,1909f56bfc062723c751e8b465ee728b)  -> (artifact id: 'e531f0d95c52b76fba0baf5b998c9980') in 0.032996 seconds 
  Import took 0.039776 seconds .

========================================================================
Received Import Request.
  Time since last request: 0.001739 seconds.
  path: Assets/Maps/Fantasy Forest Environment Free Sample/Scenes/TerrainData_93d2d832-327b-4024-b936-19825e9409d0.asset
  artifactKey: Guid(ea06febfd28c1ed42a3dca5e48e90a9c) Importer(815301076,1909f56bfc062723c751e8b465ee728b)
Start importing Assets/Maps/Fantasy Forest Environment Free Sample/Scenes/TerrainData_93d2d832-327b-4024-b936-19825e9409d0.asset using Guid(ea06febfd28c1ed42a3dca5e48e90a9c) Importer(815301076,1909f56bfc062723c751e8b465ee728b)  -> (artifact id: 'fbc61e622f4293617f6c69c2cb8d3658') in 0.027058 seconds 
  Import took 0.030212 seconds .

========================================================================
Received Import Request.
  Time since last request: 0.000238 seconds.
  path: Assets/Maps/Fantasy Forest Environment Free Sample/Scenes/TerrainData_13b110b2-d29e-4c18-8834-bad947007bdf.asset
  artifactKey: Guid(a471953250c9f9b4baa636193a335ce2) Importer(815301076,1909f56bfc062723c751e8b465ee728b)
Start importing Assets/Maps/Fantasy Forest Environment Free Sample/Scenes/TerrainData_13b110b2-d29e-4c18-8834-bad947007bdf.asset using Guid(a471953250c9f9b4baa636193a335ce2) Importer(815301076,1909f56bfc062723c751e8b465ee728b)  -> (artifact id: '1e262b8f76ed424bb4022f04816ca39d') in 0.025646 seconds 
  Import took 0.028783 seconds .

========================================================================
Received Import Request.
  Time since last request: 0.000314 seconds.
  path: Assets/Maps/Fantasy Forest Environment Free Sample/Scenes/TerrainData_101fff11-47b1-4e36-9a91-782829e87ad6.asset
  artifactKey: Guid(abd0de466dbaeb542b901eb357c8ec36) Importer(815301076,1909f56bfc062723c751e8b465ee728b)
Start importing Assets/Maps/Fantasy Forest Environment Free Sample/Scenes/TerrainData_101fff11-47b1-4e36-9a91-782829e87ad6.asset using Guid(abd0de466dbaeb542b901eb357c8ec36) Importer(815301076,1909f56bfc062723c751e8b465ee728b)  -> (artifact id: 'd774a43a6270b56874eb551423d73f33') in 0.026937 seconds 
  Import took 0.030761 seconds .

========================================================================
Received Import Request.
  Time since last request: 0.000286 seconds.
  path: Assets/Maps/Fantasy Forest Environment Free Sample/Scenes/TerrainData_0d754d10-d86a-4c7a-a5ec-284a1c462d1c.asset
  artifactKey: Guid(9689383a17482f449a3cb3ee6220a2c8) Importer(815301076,1909f56bfc062723c751e8b465ee728b)
Start importing Assets/Maps/Fantasy Forest Environment Free Sample/Scenes/TerrainData_0d754d10-d86a-4c7a-a5ec-284a1c462d1c.asset using Guid(9689383a17482f449a3cb3ee6220a2c8) Importer(815301076,1909f56bfc062723c751e8b465ee728b)  -> (artifact id: 'f62428f17224b44d3d3772b6c73d00c1') in 0.025759 seconds 
  Import took 0.029252 seconds .

========================================================================
Received Import Request.
  Time since last request: 0.000240 seconds.
  path: Assets/Maps/Fantasy Forest Environment Free Sample/Scenes/TerrainData_0d0a07f5-17d2-40f4-a2dc-0722b49b83a9.asset
  artifactKey: Guid(f9b13b2a145cd3a4888ba751c3dedcc1) Importer(815301076,1909f56bfc062723c751e8b465ee728b)
Start importing Assets/Maps/Fantasy Forest Environment Free Sample/Scenes/TerrainData_0d0a07f5-17d2-40f4-a2dc-0722b49b83a9.asset using Guid(f9b13b2a145cd3a4888ba751c3dedcc1) Importer(815301076,1909f56bfc062723c751e8b465ee728b)  -> (artifact id: '42f438ae8605798160e3fbe2f2015c95') in 0.024337 seconds 
  Import took 0.028919 seconds .

========================================================================
Received Import Request.
  Time since last request: 0.000322 seconds.
  path: Assets/Maps/Fantasy Forest Environment Free Sample/Scenes/TerrainData_abd11c9d-dfb0-400c-9abd-4c8d52bdf222.asset
  artifactKey: Guid(d773c384b9b7d7349a1dde95218bfa2e) Importer(815301076,1909f56bfc062723c751e8b465ee728b)
Start importing Assets/Maps/Fantasy Forest Environment Free Sample/Scenes/TerrainData_abd11c9d-dfb0-400c-9abd-4c8d52bdf222.asset using Guid(d773c384b9b7d7349a1dde95218bfa2e) Importer(815301076,1909f56bfc062723c751e8b465ee728b)  -> (artifact id: 'b1b0eadaa55b458c80484c5e93c9f8eb') in 0.024354 seconds 
  Import took 0.027899 seconds .

========================================================================
Received Import Request.
  Time since last request: 0.000260 seconds.
  path: Assets/Maps/Fantasy Forest Environment Free Sample/Scenes/TerrainData_e0c8cd39-2c42-4587-a427-25e78200963c.asset
  artifactKey: Guid(b975e64ca9a03bb45a1bbc5aee454c74) Importer(815301076,1909f56bfc062723c751e8b465ee728b)
Start importing Assets/Maps/Fantasy Forest Environment Free Sample/Scenes/TerrainData_e0c8cd39-2c42-4587-a427-25e78200963c.asset using Guid(b975e64ca9a03bb45a1bbc5aee454c74) Importer(815301076,1909f56bfc062723c751e8b465ee728b)  -> (artifact id: 'bf743c1b766c531f3acd82d0c7a95010') in 0.025976 seconds 
  Import took 0.029808 seconds .

========================================================================
Received Import Request.
  Time since last request: 0.000277 seconds.
  path: Assets/Maps/Fantasy Forest Environment Free Sample/Scenes/TerrainData_ea366077-d316-4fa1-82cb-72fa65945d33.asset
  artifactKey: Guid(61746600d072f3040949e1e636630e01) Importer(815301076,1909f56bfc062723c751e8b465ee728b)
Start importing Assets/Maps/Fantasy Forest Environment Free Sample/Scenes/TerrainData_ea366077-d316-4fa1-82cb-72fa65945d33.asset using Guid(61746600d072f3040949e1e636630e01) Importer(815301076,1909f56bfc062723c751e8b465ee728b)  -> (artifact id: '5172b60f876c7af67eebfa5a16f92bf2') in 0.026482 seconds 
  Import took 0.030909 seconds .

========================================================================
Received Import Request.
  Time since last request: 631.665432 seconds.
  path: Assets/Terrains
  artifactKey: Guid(52aa55fd92ae49a4995ea78d67dc4e65) Importer(815301076,1909f56bfc062723c751e8b465ee728b)
Start importing Assets/Terrains using Guid(52aa55fd92ae49a4995ea78d67dc4e65) Importer(815301076,1909f56bfc062723c751e8b465ee728b)  -> (artifact id: 'fde3aa18bc6a554fbe4245c2bd2c2a9a') in 0.004289 seconds 
  Import took 0.010214 seconds .

========================================================================
Received Import Request.
  Time since last request: 1.943742 seconds.
  path: Assets/_TerrainAutoUpgrade/layer_dirt01b3407d0e55802f81.terrainlayer
  artifactKey: Guid(cb1ecf699b49501498ecb546e893ebf3) Importer(815301076,1909f56bfc062723c751e8b465ee728b)
Start importing Assets/_TerrainAutoUpgrade/layer_dirt01b3407d0e55802f81.terrainlayer using Guid(cb1ecf699b49501498ecb546e893ebf3) Importer(815301076,1909f56bfc062723c751e8b465ee728b)  -> (artifact id: '9de1e2048628cbb7b6026f1cd90abbd6') in 0.030068 seconds 
  Import took 0.035137 seconds .

========================================================================
Received Import Request.
  Time since last request: 0.000273 seconds.
  path: Assets/_TerrainAutoUpgrade/layer_grass01_bb3407d0e55802f81.terrainlayer
  artifactKey: Guid(ab863476fc1d9b044afedd1bee47a534) Importer(815301076,1909f56bfc062723c751e8b465ee728b)
Start importing Assets/_TerrainAutoUpgrade/layer_grass01_bb3407d0e55802f81.terrainlayer using Guid(ab863476fc1d9b044afedd1bee47a534) Importer(815301076,1909f56bfc062723c751e8b465ee728b)  -> (artifact id: '792b9603180d175c607f928e2e34a1d8') in 0.035035 seconds 
  Import took 0.039344 seconds .

========================================================================
Received Import Request.
  Time since last request: 0.000526 seconds.
  path: Assets/_TerrainAutoUpgrade/layer_grass01b3407d0e55802f81.terrainlayer
  artifactKey: Guid(4096f4fb98ee0ee419c971a0aee45447) Importer(815301076,1909f56bfc062723c751e8b465ee728b)
Start importing Assets/_TerrainAutoUpgrade/layer_grass01b3407d0e55802f81.terrainlayer using Guid(4096f4fb98ee0ee419c971a0aee45447) Importer(815301076,1909f56bfc062723c751e8b465ee728b)  -> (artifact id: 'e94177d3aafcbbc5ee7a72ce675ec427') in 0.038063 seconds 
  Import took 0.043022 seconds .

========================================================================
Received Import Request.
  Time since last request: 12.056555 seconds.
  path: Assets/Terrains/Samples
  artifactKey: Guid(af607e6b2c2107d40aa95805f7c5fb32) Importer(815301076,1909f56bfc062723c751e8b465ee728b)
Start importing Assets/Terrains/Samples using Guid(af607e6b2c2107d40aa95805f7c5fb32) Importer(815301076,1909f56bfc062723c751e8b465ee728b)  -> (artifact id: '5f92ec36234467cf8f1914c145828d12') in 0.017155 seconds 
  Import took 0.023476 seconds .

========================================================================
Received Import Request.
  Time since last request: 1.022568 seconds.
  path: Assets/Terrains/Samples/Terrain Tools
  artifactKey: Guid(0e7d507db20799e49b2ac5e0a46eba6c) Importer(815301076,1909f56bfc062723c751e8b465ee728b)
Start importing Assets/Terrains/Samples/Terrain Tools using Guid(0e7d507db20799e49b2ac5e0a46eba6c) Importer(815301076,1909f56bfc062723c751e8b465ee728b)  -> (artifact id: '137a62374e98aa8f8cec237d182b9600') in 0.008704 seconds 
  Import took 0.013760 seconds .

========================================================================
Received Import Request.
  Time since last request: 0.926799 seconds.
  path: Assets/Terrains/Samples/Terrain Tools/0.1.0-preview
  artifactKey: Guid(1e9813c724fddbe41b8bf0f3f0547f76) Importer(815301076,1909f56bfc062723c751e8b465ee728b)
Start importing Assets/Terrains/Samples/Terrain Tools/0.1.0-preview using Guid(1e9813c724fddbe41b8bf0f3f0547f76) Importer(815301076,1909f56bfc062723c751e8b465ee728b)  -> (artifact id: '03559ab2de87045ae3ea77bfe9ea6f94') in 0.007506 seconds 
  Import took 0.013442 seconds .

========================================================================
Received Import Request.
  Time since last request: 0.999038 seconds.
  path: Assets/Terrains/Samples/Terrain Tools/0.1.0-preview/Terrain Assets
  artifactKey: Guid(45a7037668f72794487e296707be7070) Importer(815301076,1909f56bfc062723c751e8b465ee728b)
Start importing Assets/Terrains/Samples/Terrain Tools/0.1.0-preview/Terrain Assets using Guid(45a7037668f72794487e296707be7070) Importer(815301076,1909f56bfc062723c751e8b465ee728b)  -> (artifact id: '49035c8fff96f3fa0ca5bbab3c200c00') in 0.006770 seconds 
  Import took 0.013557 seconds .

========================================================================
Received Import Request.
  Time since last request: 5.654053 seconds.
  path: Assets/Terrains/Samples/Terrain Tools/0.1.0-preview/Terrain Assets/BrushTextures/canyon01.tif
  artifactKey: Guid(903360ef543b50449ae74931c4fddc2c) Importer(815301076,1909f56bfc062723c751e8b465ee728b)
Start importing Assets/Terrains/Samples/Terrain Tools/0.1.0-preview/Terrain Assets/BrushTextures/canyon01.tif using Guid(903360ef543b50449ae74931c4fddc2c) Importer(815301076,1909f56bfc062723c751e8b465ee728b)  -> (artifact id: '64fc799a3845f8a948bfbb4876ecae65') in 0.033238 seconds 
  Import took 0.039227 seconds .

========================================================================
Received Import Request.
  Time since last request: 0.000223 seconds.
  path: Assets/Terrains/Samples/Terrain Tools/0.1.0-preview/Terrain Assets/BrushTextures/mountain03.tif
  artifactKey: Guid(eb8981774e4509b4ba09dcceaf8814d1) Importer(815301076,1909f56bfc062723c751e8b465ee728b)
Start importing Assets/Terrains/Samples/Terrain Tools/0.1.0-preview/Terrain Assets/BrushTextures/mountain03.tif using Guid(eb8981774e4509b4ba09dcceaf8814d1) Importer(815301076,1909f56bfc062723c751e8b465ee728b)  -> (artifact id: 'cd9a509e51299e1bb750299103c82141') in 0.033795 seconds 
  Import took 0.036724 seconds .

========================================================================
Received Import Request.
  Time since last request: 0.000207 seconds.
  path: Assets/Terrains/Samples/Terrain Tools/0.1.0-preview/Terrain Assets/BrushTextures/canyon03.tif
  artifactKey: Guid(00e07f21ff32c094ea64f6753fb3b542) Importer(815301076,1909f56bfc062723c751e8b465ee728b)
Start importing Assets/Terrains/Samples/Terrain Tools/0.1.0-preview/Terrain Assets/BrushTextures/canyon03.tif using Guid(00e07f21ff32c094ea64f6753fb3b542) Importer(815301076,1909f56bfc062723c751e8b465ee728b)  -> (artifact id: '73776fc0c6e64996cdbd2f977fc68dcf') in 0.039572 seconds 
  Import took 0.042249 seconds .

========================================================================
Received Import Request.
  Time since last request: 0.000225 seconds.
  path: Assets/Terrains/Samples/Terrain Tools/0.1.0-preview/Terrain Assets/BrushTextures/mountain08.tif
  artifactKey: Guid(d5428cdc2df49fc4a9aa5bbbcfcfe0e0) Importer(815301076,1909f56bfc062723c751e8b465ee728b)
Start importing Assets/Terrains/Samples/Terrain Tools/0.1.0-preview/Terrain Assets/BrushTextures/mountain08.tif using Guid(d5428cdc2df49fc4a9aa5bbbcfcfe0e0) Importer(815301076,1909f56bfc062723c751e8b465ee728b)  -> (artifact id: '7475705de33611ac8c1be6b5e8654de9') in 0.040923 seconds 
  Import took 0.044944 seconds .

========================================================================
Received Import Request.
  Time since last request: 0.001064 seconds.
  path: Assets/Terrains/Samples/Terrain Tools/0.1.0-preview/Terrain Assets/BrushTextures/mountain06.tif
  artifactKey: Guid(b44a453c2397af74cb81885989043518) Importer(815301076,1909f56bfc062723c751e8b465ee728b)
Start importing Assets/Terrains/Samples/Terrain Tools/0.1.0-preview/Terrain Assets/BrushTextures/mountain06.tif using Guid(b44a453c2397af74cb81885989043518) Importer(815301076,1909f56bfc062723c751e8b465ee728b)  -> (artifact id: 'c44dfb59fc47d7db3a810749f1d47f2c') in 0.031227 seconds 
  Import took 0.035722 seconds .

========================================================================
Received Import Request.
  Time since last request: 0.003056 seconds.
  path: Assets/Terrains/Samples/Terrain Tools/0.1.0-preview/Terrain Assets/BrushTextures/mountain07.tif
  artifactKey: Guid(ce420f179549a9c4f9a08a26260e8d18) Importer(815301076,1909f56bfc062723c751e8b465ee728b)
Start importing Assets/Terrains/Samples/Terrain Tools/0.1.0-preview/Terrain Assets/BrushTextures/mountain07.tif using Guid(ce420f179549a9c4f9a08a26260e8d18) Importer(815301076,1909f56bfc062723c751e8b465ee728b)  -> (artifact id: 'b3254643170622400ea3213a8ba0d356') in 0.035192 seconds 
  Import took 0.038800 seconds .

========================================================================
Received Import Request.
  Time since last request: 0.000324 seconds.
  path: Assets/Terrains/Samples/Terrain Tools/0.1.0-preview/Terrain Assets/BrushTextures/canyon02.tif
  artifactKey: Guid(4fe4d3241d435594b82a72af96e4052d) Importer(815301076,1909f56bfc062723c751e8b465ee728b)
Start importing Assets/Terrains/Samples/Terrain Tools/0.1.0-preview/Terrain Assets/BrushTextures/canyon02.tif using Guid(4fe4d3241d435594b82a72af96e4052d) Importer(815301076,1909f56bfc062723c751e8b465ee728b)  -> (artifact id: '5d14127df3f3968e59dd1afb699ee8b4') in 0.031787 seconds 
  Import took 0.036106 seconds .

========================================================================
Received Import Request.
  Time since last request: 0.000256 seconds.
  path: Assets/Terrains/Samples/Terrain Tools/0.1.0-preview/Terrain Assets/BrushTextures/flat_mountain01.tif
  artifactKey: Guid(d2a704d1b2d8ad948aab36a028a684b5) Importer(815301076,1909f56bfc062723c751e8b465ee728b)
Start importing Assets/Terrains/Samples/Terrain Tools/0.1.0-preview/Terrain Assets/BrushTextures/flat_mountain01.tif using Guid(d2a704d1b2d8ad948aab36a028a684b5) Importer(815301076,1909f56bfc062723c751e8b465ee728b)  -> (artifact id: '05a10b5f7a37b16c43c2dc3d34c56d65') in 0.035991 seconds 
  Import took 0.041437 seconds .

========================================================================
Received Import Request.
  Time since last request: 0.001460 seconds.
  path: Assets/Terrains/Samples/Terrain Tools/0.1.0-preview/Terrain Assets/BrushTextures/mountain04.tif
  artifactKey: Guid(a1f4f845b9208d64a95cc6177a9b2abc) Importer(815301076,1909f56bfc062723c751e8b465ee728b)
Start importing Assets/Terrains/Samples/Terrain Tools/0.1.0-preview/Terrain Assets/BrushTextures/mountain04.tif using Guid(a1f4f845b9208d64a95cc6177a9b2abc) Importer(815301076,1909f56bfc062723c751e8b465ee728b)  -> (artifact id: '5cb16585cbc3f6451b9739c3baddec73') in 0.031596 seconds 
  Import took 0.037139 seconds .

========================================================================
Received Import Request.
  Time since last request: 0.000527 seconds.
  path: Assets/Terrains/Samples/Terrain Tools/0.1.0-preview/Terrain Assets/BrushTextures/cracked_earth01.tif
  artifactKey: Guid(fc6089e3bffbdc9489980dbed57a64f6) Importer(815301076,1909f56bfc062723c751e8b465ee728b)
Start importing Assets/Terrains/Samples/Terrain Tools/0.1.0-preview/Terrain Assets/BrushTextures/cracked_earth01.tif using Guid(fc6089e3bffbdc9489980dbed57a64f6) Importer(815301076,1909f56bfc062723c751e8b465ee728b)  -> (artifact id: '2af4ea581003bd1541b1cb66729ba928') in 0.089668 seconds 
  Import took 0.094274 seconds .

========================================================================
Received Import Request.
  Time since last request: 0.000282 seconds.
  path: Assets/Terrains/Samples/Terrain Tools/0.1.0-preview/Terrain Assets/BrushTextures/island01.tif
  artifactKey: Guid(043a3cc82df9fb94aba4f90d2009efc7) Importer(815301076,1909f56bfc062723c751e8b465ee728b)
Start importing Assets/Terrains/Samples/Terrain Tools/0.1.0-preview/Terrain Assets/BrushTextures/island01.tif using Guid(043a3cc82df9fb94aba4f90d2009efc7) Importer(815301076,1909f56bfc062723c751e8b465ee728b)  -> (artifact id: 'ebab9d01068bbaf54287d498ed4b9030') in 0.028779 seconds 
  Import took 0.031454 seconds .

========================================================================
Received Import Request.
  Time since last request: 0.000253 seconds.
  path: Assets/Terrains/Samples/Terrain Tools/0.1.0-preview/Terrain Assets/BrushTextures/clouds.tif
  artifactKey: Guid(791ebe8a3d329b34ca7dc4616ec3cd34) Importer(815301076,1909f56bfc062723c751e8b465ee728b)
Start importing Assets/Terrains/Samples/Terrain Tools/0.1.0-preview/Terrain Assets/BrushTextures/clouds.tif using Guid(791ebe8a3d329b34ca7dc4616ec3cd34) Importer(815301076,1909f56bfc062723c751e8b465ee728b)  -> (artifact id: '215f2f7ef64e6c0d0519a67084e569e4') in 0.029909 seconds 
  Import took 0.033624 seconds .

========================================================================
Received Import Request.
  Time since last request: 0.000353 seconds.
  path: Assets/Terrains/Samples/Terrain Tools/0.1.0-preview/Terrain Assets/BrushTextures/HeightmapTexture.preset
  artifactKey: Guid(3673edd4bef6add4aaf606245092507c) Importer(815301076,1909f56bfc062723c751e8b465ee728b)
Start importing Assets/Terrains/Samples/Terrain Tools/0.1.0-preview/Terrain Assets/BrushTextures/HeightmapTexture.preset using Guid(3673edd4bef6add4aaf606245092507c) Importer(815301076,1909f56bfc062723c751e8b465ee728b)  -> (artifact id: 'dbdc0ee1970047006f77e7ba09a922c8') in 0.028061 seconds 
  Import took 0.031332 seconds .

========================================================================
Received Import Request.
  Time since last request: 0.000242 seconds.
  path: Assets/Terrains/Samples/Terrain Tools/0.1.0-preview/Terrain Assets/BrushTextures/errosion02.tif
  artifactKey: Guid(8d909223d66b7cd4d9719d37ee403dff) Importer(815301076,1909f56bfc062723c751e8b465ee728b)
Start importing Assets/Terrains/Samples/Terrain Tools/0.1.0-preview/Terrain Assets/BrushTextures/errosion02.tif using Guid(8d909223d66b7cd4d9719d37ee403dff) Importer(815301076,1909f56bfc062723c751e8b465ee728b)  -> (artifact id: '967fc6840ca6db71fd534915ef0c5042') in 0.040569 seconds 
  Import took 0.044712 seconds .

========================================================================
Received Import Request.
  Time since last request: 0.001460 seconds.
  path: Assets/Terrains/Samples/Terrain Tools/0.1.0-preview/Terrain Assets/BrushTextures/errosion01.tif
  artifactKey: Guid(228af47692a8c7c49b93049646ac6c46) Importer(815301076,1909f56bfc062723c751e8b465ee728b)
Start importing Assets/Terrains/Samples/Terrain Tools/0.1.0-preview/Terrain Assets/BrushTextures/errosion01.tif using Guid(228af47692a8c7c49b93049646ac6c46) Importer(815301076,1909f56bfc062723c751e8b465ee728b)  -> (artifact id: '945b28a289e4b718ad53ad5a2d81a304') in 0.036719 seconds 
  Import took 0.045330 seconds .

========================================================================
Received Import Request.
  Time since last request: 0.000321 seconds.
  path: Assets/Terrains/Samples/Terrain Tools/0.1.0-preview/Terrain Assets/BrushTextures/mountain02.tif
  artifactKey: Guid(5b7433cfa322cdb4ba853ecd73127975) Importer(815301076,1909f56bfc062723c751e8b465ee728b)
Start importing Assets/Terrains/Samples/Terrain Tools/0.1.0-preview/Terrain Assets/BrushTextures/mountain02.tif using Guid(5b7433cfa322cdb4ba853ecd73127975) Importer(815301076,1909f56bfc062723c751e8b465ee728b)  -> (artifact id: '2d05ead394c8c42e5889c39f32070a11') in 0.035800 seconds 
  Import took 0.039286 seconds .

========================================================================
Received Import Request.
  Time since last request: 0.000238 seconds.
  path: Assets/Terrains/Samples/Terrain Tools/0.1.0-preview/Terrain Assets/BrushTextures/mountain05.tif
  artifactKey: Guid(59cf4095c6c8e0f488ebe12abd1e569a) Importer(815301076,1909f56bfc062723c751e8b465ee728b)
Start importing Assets/Terrains/Samples/Terrain Tools/0.1.0-preview/Terrain Assets/BrushTextures/mountain05.tif using Guid(59cf4095c6c8e0f488ebe12abd1e569a) Importer(815301076,1909f56bfc062723c751e8b465ee728b)  -> (artifact id: '875b47bb27e1ea5dbeecb83e537feda1') in 0.036743 seconds 
  Import took 0.040641 seconds .

========================================================================
Received Import Request.
  Time since last request: 0.003295 seconds.
  path: Assets/Terrains/Samples/Terrain Tools/0.1.0-preview/Terrain Assets/BrushTextures/canyon04.tif
  artifactKey: Guid(fd3a283142a57bd4aa8029f5e0705fc5) Importer(815301076,1909f56bfc062723c751e8b465ee728b)
Start importing Assets/Terrains/Samples/Terrain Tools/0.1.0-preview/Terrain Assets/BrushTextures/canyon04.tif using Guid(fd3a283142a57bd4aa8029f5e0705fc5) Importer(815301076,1909f56bfc062723c751e8b465ee728b)  -> (artifact id: '1ade072f9c734985b44c73df6d4c5807') in 0.026705 seconds 
  Import took 0.035667 seconds .

========================================================================
Received Import Request.
  Time since last request: 0.000382 seconds.
  path: Assets/Terrains/Samples/Terrain Tools/0.1.0-preview/Terrain Assets/BrushTextures/cracked_earth02.tif
  artifactKey: Guid(ce389a44803b703498159190bc7d48af) Importer(815301076,1909f56bfc062723c751e8b465ee728b)
Start importing Assets/Terrains/Samples/Terrain Tools/0.1.0-preview/Terrain Assets/BrushTextures/cracked_earth02.tif using Guid(ce389a44803b703498159190bc7d48af) Importer(815301076,1909f56bfc062723c751e8b465ee728b)  -> (artifact id: '9eb5fb8c6287bdbdd6d3faf9e28a2477') in 0.027413 seconds 
  Import took 0.035762 seconds .

========================================================================
Received Import Request.
  Time since last request: 0.000603 seconds.
  path: Assets/Terrains/Samples/Terrain Tools/0.1.0-preview/Terrain Assets/BrushTextures/canyon05.tif
  artifactKey: Guid(3771b24b1afb4bd4d86e3ba795b65a32) Importer(815301076,1909f56bfc062723c751e8b465ee728b)
Start importing Assets/Terrains/Samples/Terrain Tools/0.1.0-preview/Terrain Assets/BrushTextures/canyon05.tif using Guid(3771b24b1afb4bd4d86e3ba795b65a32) Importer(815301076,1909f56bfc062723c751e8b465ee728b)  -> (artifact id: '3b38ec146b62b62958a55b23a1af0caf') in 0.036661 seconds 
  Import took 0.041026 seconds .

========================================================================
Received Import Request.
  Time since last request: 0.000289 seconds.
  path: Assets/Terrains/Samples/Terrain Tools/0.1.0-preview/Terrain Assets/BrushTextures/mountain01.tif
  artifactKey: Guid(6cfb129191988d84eafe31848415a233) Importer(815301076,1909f56bfc062723c751e8b465ee728b)
Start importing Assets/Terrains/Samples/Terrain Tools/0.1.0-preview/Terrain Assets/BrushTextures/mountain01.tif using Guid(6cfb129191988d84eafe31848415a233) Importer(815301076,1909f56bfc062723c751e8b465ee728b)  -> (artifact id: '77de8d1fdc95331ca7844951fa00547b') in 0.039354 seconds 
  Import took 0.042763 seconds .

========================================================================
Received Import Request.
  Time since last request: 0.734068 seconds.
  path: Assets/Terrains/Samples/Terrain Tools/0.1.0-preview/Terrain Assets/TerrainBrushes/noise_soft.brush
  artifactKey: Guid(cee96a2661edd1040b6f86ac79ab5fc8) Importer(815301076,1909f56bfc062723c751e8b465ee728b)
Start importing Assets/Terrains/Samples/Terrain Tools/0.1.0-preview/Terrain Assets/TerrainBrushes/noise_soft.brush using Guid(cee96a2661edd1040b6f86ac79ab5fc8) Importer(815301076,1909f56bfc062723c751e8b465ee728b)  -> (artifact id: '2cb5585c4d41eda7a55143882cb66df5') in 0.412752 seconds 
  Import took 0.418133 seconds .

========================================================================
Received Import Request.
  Time since last request: 0.000313 seconds.
  path: Assets/Terrains/Samples/Terrain Tools/0.1.0-preview/Terrain Assets/TerrainBrushes/terrainstamp_canyon05.brush
  artifactKey: Guid(ceb297a70ecfb74479647a7e0e433265) Importer(815301076,1909f56bfc062723c751e8b465ee728b)
Start importing Assets/Terrains/Samples/Terrain Tools/0.1.0-preview/Terrain Assets/TerrainBrushes/terrainstamp_canyon05.brush using Guid(ceb297a70ecfb74479647a7e0e433265) Importer(815301076,1909f56bfc062723c751e8b465ee728b)  -> (artifact id: '04c4fa37e70081870e87f844bf920ecb') in 0.033123 seconds 
  Import took 0.038605 seconds .

========================================================================
Received Import Request.
  Time since last request: 0.000302 seconds.
  path: Assets/Terrains/Samples/Terrain Tools/0.1.0-preview/Terrain Assets/TerrainBrushes/terrainstamp_mountain01.brush
  artifactKey: Guid(87bcc148df475664181f323cf3b45e93) Importer(815301076,1909f56bfc062723c751e8b465ee728b)
Start importing Assets/Terrains/Samples/Terrain Tools/0.1.0-preview/Terrain Assets/TerrainBrushes/terrainstamp_mountain01.brush using Guid(87bcc148df475664181f323cf3b45e93) Importer(815301076,1909f56bfc062723c751e8b465ee728b)  -> (artifact id: '6ced3db4cc3cf783dcd00f598740f5c7') in 0.045965 seconds 
  Import took 0.050141 seconds .

========================================================================
Received Import Request.
  Time since last request: 0.000219 seconds.
  path: Assets/Terrains/Samples/Terrain Tools/0.1.0-preview/Terrain Assets/TerrainBrushes/terrainstamp_erode01.brush
  artifactKey: Guid(7ee3d567366c781458dc63f069654dff) Importer(815301076,1909f56bfc062723c751e8b465ee728b)
Start importing Assets/Terrains/Samples/Terrain Tools/0.1.0-preview/Terrain Assets/TerrainBrushes/terrainstamp_erode01.brush using Guid(7ee3d567366c781458dc63f069654dff) Importer(815301076,1909f56bfc062723c751e8b465ee728b)  -> (artifact id: '53717cd3a5daa14b4ad2155fc7f5d6f9') in 0.037703 seconds 
  Import took 0.040933 seconds .

========================================================================
Received Import Request.
  Time since last request: 0.000286 seconds.
  path: Assets/Terrains/Samples/Terrain Tools/0.1.0-preview/Terrain Assets/TerrainBrushes/terrainstamp_flatmountain01.brush
  artifactKey: Guid(5ca44fb774755d14f93870431e58a1e2) Importer(815301076,1909f56bfc062723c751e8b465ee728b)
Start importing Assets/Terrains/Samples/Terrain Tools/0.1.0-preview/Terrain Assets/TerrainBrushes/terrainstamp_flatmountain01.brush using Guid(5ca44fb774755d14f93870431e58a1e2) Importer(815301076,1909f56bfc062723c751e8b465ee728b)  -> (artifact id: '5536a9b1f12f4ac3e0d7ad4d8debcd5d') in 0.041147 seconds 
  Import took 0.044550 seconds .

========================================================================
Received Import Request.
  Time since last request: 0.000263 seconds.
  path: Assets/Terrains/Samples/Terrain Tools/0.1.0-preview/Terrain Assets/TerrainBrushes/terrainstamp_island01.brush
  artifactKey: Guid(52ed55fadd8d2b34cb0f9f08adb04a84) Importer(815301076,1909f56bfc062723c751e8b465ee728b)
Start importing Assets/Terrains/Samples/Terrain Tools/0.1.0-preview/Terrain Assets/TerrainBrushes/terrainstamp_island01.brush using Guid(52ed55fadd8d2b34cb0f9f08adb04a84) Importer(815301076,1909f56bfc062723c751e8b465ee728b)  -> (artifact id: 'c1a9b201b135ade5cf267f0b0fbc9c2d') in 0.029342 seconds 
  Import took 0.040252 seconds .

========================================================================
Received Import Request.
  Time since last request: 0.000402 seconds.
  path: Assets/Terrains/Samples/Terrain Tools/0.1.0-preview/Terrain Assets/TerrainBrushes/terrainstamp_mountain08.brush
  artifactKey: Guid(f3ac69de155752e498f0f9864e41e7a1) Importer(815301076,1909f56bfc062723c751e8b465ee728b)
Start importing Assets/Terrains/Samples/Terrain Tools/0.1.0-preview/Terrain Assets/TerrainBrushes/terrainstamp_mountain08.brush using Guid(f3ac69de155752e498f0f9864e41e7a1) Importer(815301076,1909f56bfc062723c751e8b465ee728b)  -> (artifact id: '8fdab0ced0a3db97e3f2e9a02151baec') in 0.033994 seconds 
  Import took 0.039529 seconds .

========================================================================
Received Import Request.
  Time since last request: 0.000481 seconds.
  path: Assets/Terrains/Samples/Terrain Tools/0.1.0-preview/Terrain Assets/TerrainBrushes/terrainstamp_canyon04.brush
  artifactKey: Guid(dc670a42db363de40a6e6d9f231404ca) Importer(815301076,1909f56bfc062723c751e8b465ee728b)
Start importing Assets/Terrains/Samples/Terrain Tools/0.1.0-preview/Terrain Assets/TerrainBrushes/terrainstamp_canyon04.brush using Guid(dc670a42db363de40a6e6d9f231404ca) Importer(815301076,1909f56bfc062723c751e8b465ee728b)  -> (artifact id: '2cb31396ac0b6c0bb0917c841d33c823') in 0.036361 seconds 
  Import took 0.042157 seconds .

========================================================================
Received Import Request.
  Time since last request: 0.000526 seconds.
  path: Assets/Terrains/Samples/Terrain Tools/0.1.0-preview/Terrain Assets/TerrainLayers/dirt.terrainlayer
  artifactKey: Guid(c25f012d8eaba684b9a392d71f427372) Importer(815301076,1909f56bfc062723c751e8b465ee728b)
Start importing Assets/Terrains/Samples/Terrain Tools/0.1.0-preview/Terrain Assets/TerrainLayers/dirt.terrainlayer using Guid(c25f012d8eaba684b9a392d71f427372) Importer(815301076,1909f56bfc062723c751e8b465ee728b)  -> (artifact id: '466271538b205e4ef84bcf6faeae064c') in 0.033936 seconds 
  Import took 0.043294 seconds .

========================================================================
Received Import Request.
  Time since last request: 0.000274 seconds.
  path: Assets/Terrains/Samples/Terrain Tools/0.1.0-preview/Terrain Assets/TerrainLayers/scree.terrainlayer
  artifactKey: Guid(6a3097ee6a39c594e8c63dae726b2278) Importer(815301076,1909f56bfc062723c751e8b465ee728b)
Start importing Assets/Terrains/Samples/Terrain Tools/0.1.0-preview/Terrain Assets/TerrainLayers/scree.terrainlayer using Guid(6a3097ee6a39c594e8c63dae726b2278) Importer(815301076,1909f56bfc062723c751e8b465ee728b)  -> (artifact id: '602c901dd3ae23f9e448d6a8ca5cc317') in 0.026936 seconds 
  Import took 0.032404 seconds .

========================================================================
Received Import Request.
  Time since last request: 0.000426 seconds.
  path: Assets/Terrains/Samples/Terrain Tools/0.1.0-preview/Terrain Assets/TerrainLayers/sand.terrainlayer
  artifactKey: Guid(aa7afa2eb72909e4d8083508573d955f) Importer(815301076,1909f56bfc062723c751e8b465ee728b)
Start importing Assets/Terrains/Samples/Terrain Tools/0.1.0-preview/Terrain Assets/TerrainLayers/sand.terrainlayer using Guid(aa7afa2eb72909e4d8083508573d955f) Importer(815301076,1909f56bfc062723c751e8b465ee728b)  -> (artifact id: '767bc8a60cf0a8bc666718793873dfe8') in 0.034482 seconds 
  Import took 0.037980 seconds .

========================================================================
Received Import Request.
  Time since last request: 0.000264 seconds.
  path: Assets/Terrains/Samples/Terrain Tools/0.1.0-preview/Terrain Assets/TerrainBrushes/terrainstamp_crackedground02.brush
  artifactKey: Guid(61e8c4f14d0453448b7e510f7f96990c) Importer(815301076,1909f56bfc062723c751e8b465ee728b)
Start importing Assets/Terrains/Samples/Terrain Tools/0.1.0-preview/Terrain Assets/TerrainBrushes/terrainstamp_crackedground02.brush using Guid(61e8c4f14d0453448b7e510f7f96990c) Importer(815301076,1909f56bfc062723c751e8b465ee728b)  -> (artifact id: 'cd0384d785a5b4302ae8094309612776') in 0.030363 seconds 
  Import took 0.036223 seconds .

========================================================================
Received Import Request.
  Time since last request: 0.000371 seconds.
  path: Assets/Terrains/Samples/Terrain Tools/0.1.0-preview/Terrain Assets/TerrainBrushes/terrainstamp_erode02.brush
  artifactKey: Guid(b4f1a8962849d1e418cbb0637143dc00) Importer(815301076,1909f56bfc062723c751e8b465ee728b)
Start importing Assets/Terrains/Samples/Terrain Tools/0.1.0-preview/Terrain Assets/TerrainBrushes/terrainstamp_erode02.brush using Guid(b4f1a8962849d1e418cbb0637143dc00) Importer(815301076,1909f56bfc062723c751e8b465ee728b)  -> (artifact id: '5bcd16560ee146c1f657de7a01575b5e') in 0.032857 seconds 
  Import took 0.036508 seconds .

========================================================================
Received Import Request.
  Time since last request: 0.000321 seconds.
  path: Assets/Terrains/Samples/Terrain Tools/0.1.0-preview/Terrain Assets/TerrainBrushes/terrainstamp_mountain02.brush
  artifactKey: Guid(8569f88df55a4b64b997e64b2aa69432) Importer(815301076,1909f56bfc062723c751e8b465ee728b)
Start importing Assets/Terrains/Samples/Terrain Tools/0.1.0-preview/Terrain Assets/TerrainBrushes/terrainstamp_mountain02.brush using Guid(8569f88df55a4b64b997e64b2aa69432) Importer(815301076,1909f56bfc062723c751e8b465ee728b)  -> (artifact id: '079c20b57f4ef81528ea38e002b68ecf') in 0.030072 seconds 
  Import took 0.037104 seconds .

========================================================================
Received Import Request.
  Time since last request: 0.001827 seconds.
  path: Assets/Terrains/Samples/Terrain Tools/0.1.0-preview/Terrain Assets/TerrainBrushes/terrainstamp_mountain05.brush
  artifactKey: Guid(c18cd5b317ff2af479fe5b47336cc75c) Importer(815301076,1909f56bfc062723c751e8b465ee728b)
Start importing Assets/Terrains/Samples/Terrain Tools/0.1.0-preview/Terrain Assets/TerrainBrushes/terrainstamp_mountain05.brush using Guid(c18cd5b317ff2af479fe5b47336cc75c) Importer(815301076,1909f56bfc062723c751e8b465ee728b)  -> (artifact id: '6e0b2acab0ceb637a38fe37c422dcd3f') in 0.029895 seconds 
  Import took 0.034487 seconds .

========================================================================
Received Import Request.
  Time since last request: 0.000784 seconds.
  path: Assets/Terrains/Samples/Terrain Tools/0.1.0-preview/Terrain Assets/TerrainBrushes/terrainstamp_crackedground01.brush
  artifactKey: Guid(a27a2665c8aec334ba8bbba24ee0c827) Importer(815301076,1909f56bfc062723c751e8b465ee728b)
Start importing Assets/Terrains/Samples/Terrain Tools/0.1.0-preview/Terrain Assets/TerrainBrushes/terrainstamp_crackedground01.brush using Guid(a27a2665c8aec334ba8bbba24ee0c827) Importer(815301076,1909f56bfc062723c751e8b465ee728b)  -> (artifact id: '1b3b700a6452de9e6eb71bac4fd26665') in 0.020749 seconds 
  Import took 0.027383 seconds .

========================================================================
Received Import Request.
  Time since last request: 0.000287 seconds.
  path: Assets/Terrains/Samples/Terrain Tools/0.1.0-preview/Terrain Assets/TerrainBrushes/terrainstamp_canyon02.brush
  artifactKey: Guid(7ddc1e59f6e82cc4693b55b0badb4aa3) Importer(815301076,1909f56bfc062723c751e8b465ee728b)
Start importing Assets/Terrains/Samples/Terrain Tools/0.1.0-preview/Terrain Assets/TerrainBrushes/terrainstamp_canyon02.brush using Guid(7ddc1e59f6e82cc4693b55b0badb4aa3) Importer(815301076,1909f56bfc062723c751e8b465ee728b)  -> (artifact id: 'e77a28b7fdc5049434fd77173bb3d63c') in 0.026053 seconds 
  Import took 0.031655 seconds .

========================================================================
Received Import Request.
  Time since last request: 0.000387 seconds.
  path: Assets/Terrains/Samples/Terrain Tools/0.1.0-preview/Terrain Assets/TerrainBrushes/soft_round.brush
  artifactKey: Guid(a757b66aa1cbcbe4595dd37a3729ba24) Importer(815301076,1909f56bfc062723c751e8b465ee728b)
Start importing Assets/Terrains/Samples/Terrain Tools/0.1.0-preview/Terrain Assets/TerrainBrushes/soft_round.brush using Guid(a757b66aa1cbcbe4595dd37a3729ba24) Importer(815301076,1909f56bfc062723c751e8b465ee728b)  -> (artifact id: 'e854478518457687cd52dca1c72aff5c') in 0.022234 seconds 
  Import took 0.028084 seconds .

========================================================================
Received Import Request.
  Time since last request: 0.000309 seconds.
  path: Assets/Terrains/Samples/Terrain Tools/0.1.0-preview/Terrain Assets/TerrainBrushes/terrainstamp_mountain07.brush
  artifactKey: Guid(6f360df90c5a57042ba4b09cb3249ffc) Importer(815301076,1909f56bfc062723c751e8b465ee728b)
Start importing Assets/Terrains/Samples/Terrain Tools/0.1.0-preview/Terrain Assets/TerrainBrushes/terrainstamp_mountain07.brush using Guid(6f360df90c5a57042ba4b09cb3249ffc) Importer(815301076,1909f56bfc062723c751e8b465ee728b)  -> (artifact id: '4bf5e56774b59a156726d39c6e90d56a') in 0.026978 seconds 
  Import took 0.034044 seconds .

========================================================================
Received Import Request.
  Time since last request: 0.000270 seconds.
  path: Assets/Terrains/Samples/Terrain Tools/0.1.0-preview/Terrain Assets/TerrainBrushes/terrainstamp_canyon03.brush
  artifactKey: Guid(d4e29f095247ea040aabee8a6cb3b010) Importer(815301076,1909f56bfc062723c751e8b465ee728b)
Start importing Assets/Terrains/Samples/Terrain Tools/0.1.0-preview/Terrain Assets/TerrainBrushes/terrainstamp_canyon03.brush using Guid(d4e29f095247ea040aabee8a6cb3b010) Importer(815301076,1909f56bfc062723c751e8b465ee728b)  -> (artifact id: 'e7f1891df502f35399db9b3af98ad357') in 0.038763 seconds 
  Import took 0.045735 seconds .

========================================================================
Received Import Request.
  Time since last request: 0.000255 seconds.
  path: Assets/Terrains/Samples/Terrain Tools/0.1.0-preview/Terrain Assets/TerrainBrushes/terrainstamp_mountain06.brush
  artifactKey: Guid(1f59549ee2c7eab4d833e1b9cd1bb76b) Importer(815301076,1909f56bfc062723c751e8b465ee728b)
Start importing Assets/Terrains/Samples/Terrain Tools/0.1.0-preview/Terrain Assets/TerrainBrushes/terrainstamp_mountain06.brush using Guid(1f59549ee2c7eab4d833e1b9cd1bb76b) Importer(815301076,1909f56bfc062723c751e8b465ee728b)  -> (artifact id: 'b147a1d6aaef8d127ad250b46031d8ab') in 0.027421 seconds 
  Import took 0.030303 seconds .

========================================================================
Received Import Request.
  Time since last request: 0.000300 seconds.
  path: Assets/Terrains/Samples/Terrain Tools/0.1.0-preview/Terrain Assets/TerrainBrushes/terrainstamp_mountain04.brush
  artifactKey: Guid(84399f7e9c8b199478532ded97f1ed9b) Importer(815301076,1909f56bfc062723c751e8b465ee728b)
Start importing Assets/Terrains/Samples/Terrain Tools/0.1.0-preview/Terrain Assets/TerrainBrushes/terrainstamp_mountain04.brush using Guid(84399f7e9c8b199478532ded97f1ed9b) Importer(815301076,1909f56bfc062723c751e8b465ee728b)  -> (artifact id: 'c9a9c48ec9c3096b3b0311ef27c2055f') in 0.033014 seconds 
  Import took 0.036555 seconds .

========================================================================
Received Import Request.
  Time since last request: 0.000400 seconds.
  path: Assets/Terrains/Samples/Terrain Tools/0.1.0-preview/Terrain Assets/TerrainBrushes/terrainstamp_mountain03.brush
  artifactKey: Guid(f11a285f166a0f6499471bc2b3deaefb) Importer(815301076,1909f56bfc062723c751e8b465ee728b)
Start importing Assets/Terrains/Samples/Terrain Tools/0.1.0-preview/Terrain Assets/TerrainBrushes/terrainstamp_mountain03.brush using Guid(f11a285f166a0f6499471bc2b3deaefb) Importer(815301076,1909f56bfc062723c751e8b465ee728b)  -> (artifact id: '2c4cb1cbb074921b85faa6b86cf08d80') in 0.029288 seconds 
  Import took 0.032862 seconds .

========================================================================
Received Import Request.
  Time since last request: 0.000252 seconds.
  path: Assets/Terrains/Samples/Terrain Tools/0.1.0-preview/Terrain Assets/TerrainLayers/moss.terrainlayer
  artifactKey: Guid(56b2820651de357459e8d89d2b4f3f05) Importer(815301076,1909f56bfc062723c751e8b465ee728b)
Start importing Assets/Terrains/Samples/Terrain Tools/0.1.0-preview/Terrain Assets/TerrainLayers/moss.terrainlayer using Guid(56b2820651de357459e8d89d2b4f3f05) Importer(815301076,1909f56bfc062723c751e8b465ee728b)  -> (artifact id: 'fd52f63c08d34910ec8ab6035ba689e3') in 0.033363 seconds 
  Import took 0.036769 seconds .

========================================================================
Received Import Request.
  Time since last request: 0.000254 seconds.
  path: Assets/Terrains/Samples/Terrain Tools/0.1.0-preview/Terrain Assets/TerrainLayers/rock.terrainlayer
  artifactKey: Guid(716937fe861ba6748bfd599e6802e70a) Importer(815301076,1909f56bfc062723c751e8b465ee728b)
Start importing Assets/Terrains/Samples/Terrain Tools/0.1.0-preview/Terrain Assets/TerrainLayers/rock.terrainlayer using Guid(716937fe861ba6748bfd599e6802e70a) Importer(815301076,1909f56bfc062723c751e8b465ee728b)  -> (artifact id: 'f46398fda0ee188c53e5e837f76f1835') in 0.034321 seconds 
  Import took 0.038398 seconds .

========================================================================
Received Import Request.
  Time since last request: 0.000698 seconds.
  path: Assets/Terrains/Samples/Terrain Tools/0.1.0-preview/Terrain Assets/TerrainLayers/snow.terrainlayer
  artifactKey: Guid(34a7124a250b6314f803cba5555e7faa) Importer(815301076,1909f56bfc062723c751e8b465ee728b)
Start importing Assets/Terrains/Samples/Terrain Tools/0.1.0-preview/Terrain Assets/TerrainLayers/snow.terrainlayer using Guid(34a7124a250b6314f803cba5555e7faa) Importer(815301076,1909f56bfc062723c751e8b465ee728b)  -> (artifact id: '06cb9e8130df21d7165451daeafad5e6') in 0.029588 seconds 
  Import took 0.034827 seconds .

========================================================================
Received Import Request.
  Time since last request: 0.000322 seconds.
  path: Assets/Terrains/Samples/Terrain Tools/0.1.0-preview/Terrain Assets/TerrainBrushes/terrainstamp_canyon01.brush
  artifactKey: Guid(9b1536174e1306f4eb016fe953e5a678) Importer(815301076,1909f56bfc062723c751e8b465ee728b)
Start importing Assets/Terrains/Samples/Terrain Tools/0.1.0-preview/Terrain Assets/TerrainBrushes/terrainstamp_canyon01.brush using Guid(9b1536174e1306f4eb016fe953e5a678) Importer(815301076,1909f56bfc062723c751e8b465ee728b)  -> (artifact id: '171686e809a19b703460f27ff28181e5') in 0.030225 seconds 
  Import took 0.034716 seconds .

========================================================================
Received Import Request.
  Time since last request: 0.356712 seconds.
  path: Assets/Terrains/Samples/Terrain Tools/0.1.0-preview/Terrain Assets/TerrainTextures/dirt_albedo.tif
  artifactKey: Guid(7f3df385222f5b1428f6a156037deb5e) Importer(815301076,1909f56bfc062723c751e8b465ee728b)
Start importing Assets/Terrains/Samples/Terrain Tools/0.1.0-preview/Terrain Assets/TerrainTextures/dirt_albedo.tif using Guid(7f3df385222f5b1428f6a156037deb5e) Importer(815301076,1909f56bfc062723c751e8b465ee728b)  -> (artifact id: 'aaf52615797939bbc9673af9ed75df73') in 0.016657 seconds 
  Import took 0.021878 seconds .

========================================================================
Received Import Request.
  Time since last request: 0.001611 seconds.
  path: Assets/Terrains/Samples/Terrain Tools/0.1.0-preview/Terrain Assets/TerrainTextures/sand_albedo.tif
  artifactKey: Guid(6bcc65b7c6e3a0b448d7801bfc56842f) Importer(815301076,1909f56bfc062723c751e8b465ee728b)
Start importing Assets/Terrains/Samples/Terrain Tools/0.1.0-preview/Terrain Assets/TerrainTextures/sand_albedo.tif using Guid(6bcc65b7c6e3a0b448d7801bfc56842f) Importer(815301076,1909f56bfc062723c751e8b465ee728b)  -> (artifact id: '3a78acccc289b2c64909a166ce6f15d5') in 0.025444 seconds 
  Import took 0.029910 seconds .

========================================================================
Received Import Request.
  Time since last request: 0.000100 seconds.
  path: Assets/Terrains/Samples/Terrain Tools/0.1.0-preview/Terrain Assets/TerrainTextures/scree_albedo.tif
  artifactKey: Guid(fcd3993703e7d804bb735613d2a5189d) Importer(815301076,1909f56bfc062723c751e8b465ee728b)
Start importing Assets/Terrains/Samples/Terrain Tools/0.1.0-preview/Terrain Assets/TerrainTextures/scree_albedo.tif using Guid(fcd3993703e7d804bb735613d2a5189d) Importer(815301076,1909f56bfc062723c751e8b465ee728b)  -> (artifact id: '5eed60a910cf4262729d3dba6a5d0300') in 0.032697 seconds 
  Import took 0.041064 seconds .

========================================================================
Received Import Request.
  Time since last request: 0.001690 seconds.
  path: Assets/Terrains/Samples/Terrain Tools/0.1.0-preview/Terrain Assets/TerrainTextures/scree_mask.tif
  artifactKey: Guid(e2a486d7d86a7e8469b15e7ae4d004f0) Importer(815301076,1909f56bfc062723c751e8b465ee728b)
Start importing Assets/Terrains/Samples/Terrain Tools/0.1.0-preview/Terrain Assets/TerrainTextures/scree_mask.tif using Guid(e2a486d7d86a7e8469b15e7ae4d004f0) Importer(815301076,1909f56bfc062723c751e8b465ee728b)  -> (artifact id: 'e0130db8067057e3a20dda968b85ee4a') in 0.033550 seconds 
  Import took 0.036945 seconds .

========================================================================
Received Import Request.
  Time since last request: 0.000218 seconds.
  path: Assets/Terrains/Samples/Terrain Tools/0.1.0-preview/Terrain Assets/TerrainTextures/snow_mask.tif
  artifactKey: Guid(1a4d9960438e8f242a5155b27813efe9) Importer(815301076,1909f56bfc062723c751e8b465ee728b)
Start importing Assets/Terrains/Samples/Terrain Tools/0.1.0-preview/Terrain Assets/TerrainTextures/snow_mask.tif using Guid(1a4d9960438e8f242a5155b27813efe9) Importer(815301076,1909f56bfc062723c751e8b465ee728b)  -> (artifact id: 'd7cfb486adb945a05e79d20819e5a334') in 0.033336 seconds 
  Import took 0.036700 seconds .

========================================================================
Received Import Request.
  Time since last request: 0.000302 seconds.
  path: Assets/Terrains/Samples/Terrain Tools/0.1.0-preview/Terrain Assets/TerrainTextures/sand_mask.tif
  artifactKey: Guid(58a4a6310bd23844bae88d82f7916059) Importer(815301076,1909f56bfc062723c751e8b465ee728b)
Start importing Assets/Terrains/Samples/Terrain Tools/0.1.0-preview/Terrain Assets/TerrainTextures/sand_mask.tif using Guid(58a4a6310bd23844bae88d82f7916059) Importer(815301076,1909f56bfc062723c751e8b465ee728b)  -> (artifact id: '9c3927da245dd6de433e513c7616b34c') in 0.031415 seconds 
  Import took 0.035086 seconds .

========================================================================
Received Import Request.
  Time since last request: 0.000218 seconds.
  path: Assets/Terrains/Samples/Terrain Tools/0.1.0-preview/Terrain Assets/TerrainTextures/rock_mask.tif
  artifactKey: Guid(44f7e6aa71506b041ac0a60db8868a44) Importer(815301076,1909f56bfc062723c751e8b465ee728b)
Start importing Assets/Terrains/Samples/Terrain Tools/0.1.0-preview/Terrain Assets/TerrainTextures/rock_mask.tif using Guid(44f7e6aa71506b041ac0a60db8868a44) Importer(815301076,1909f56bfc062723c751e8b465ee728b)  -> (artifact id: '25f5ead69370dfdaa0b3c5653124cc44') in 0.030766 seconds 
  Import took 0.035779 seconds .

========================================================================
Received Import Request.
  Time since last request: 0.000297 seconds.
  path: Assets/Terrains/Samples/Terrain Tools/0.1.0-preview/Terrain Assets/TerrainTextures/snow_normal.tif
  artifactKey: Guid(52f2b70b42682a145b20ea5f04fd6af1) Importer(815301076,1909f56bfc062723c751e8b465ee728b)
Start importing Assets/Terrains/Samples/Terrain Tools/0.1.0-preview/Terrain Assets/TerrainTextures/snow_normal.tif using Guid(52f2b70b42682a145b20ea5f04fd6af1) Importer(815301076,1909f56bfc062723c751e8b465ee728b)  -> (artifact id: 'd349fa00518d43b61ba5eb82918b9077') in 0.053780 seconds 
  Import took 0.057048 seconds .

========================================================================
Received Import Request.
  Time since last request: 0.000285 seconds.
  path: Assets/Terrains/Samples/Terrain Tools/0.1.0-preview/Terrain Assets/TerrainTextures/rock_albedo.tif
  artifactKey: Guid(f7dd726c93b8f17418ea3be3f6768909) Importer(815301076,1909f56bfc062723c751e8b465ee728b)
Start importing Assets/Terrains/Samples/Terrain Tools/0.1.0-preview/Terrain Assets/TerrainTextures/rock_albedo.tif using Guid(f7dd726c93b8f17418ea3be3f6768909) Importer(815301076,1909f56bfc062723c751e8b465ee728b)  -> (artifact id: '7ac7d5a81372d364eb0a61941211f8e5') in 0.036011 seconds 
  Import took 0.039088 seconds .

========================================================================
Received Import Request.
  Time since last request: 0.000239 seconds.
  path: Assets/Terrains/Samples/Terrain Tools/0.1.0-preview/Terrain Assets/TerrainTextures/moss_mask.tif
  artifactKey: Guid(ff77b812a1621e74694371cb173618ef) Importer(815301076,1909f56bfc062723c751e8b465ee728b)
Start importing Assets/Terrains/Samples/Terrain Tools/0.1.0-preview/Terrain Assets/TerrainTextures/moss_mask.tif using Guid(ff77b812a1621e74694371cb173618ef) Importer(815301076,1909f56bfc062723c751e8b465ee728b)  -> (artifact id: '0afa759cbcf8325af2c238b097117e52') in 0.035095 seconds 
  Import took 0.041123 seconds .

========================================================================
Received Import Request.
  Time since last request: 0.000265 seconds.
  path: Assets/Terrains/Samples/Terrain Tools/0.1.0-preview/Terrain Assets/TerrainTextures/screen_normal.tif
  artifactKey: Guid(703d1f74c69fc95498dcfd0afe8e1d61) Importer(815301076,1909f56bfc062723c751e8b465ee728b)
Start importing Assets/Terrains/Samples/Terrain Tools/0.1.0-preview/Terrain Assets/TerrainTextures/screen_normal.tif using Guid(703d1f74c69fc95498dcfd0afe8e1d61) Importer(815301076,1909f56bfc062723c751e8b465ee728b)  -> (artifact id: 'ea0d2548c6fdbdc30b4a29e0c491dc52') in 0.027052 seconds 
  Import took 0.035962 seconds .

========================================================================
Received Import Request.
  Time since last request: 0.000267 seconds.
  path: Assets/Terrains/Samples/Terrain Tools/0.1.0-preview/Terrain Assets/TerrainTextures/dirt_mask.tif
  artifactKey: Guid(3c6d7b80bcc59ae448166eacd4ad79b0) Importer(815301076,1909f56bfc062723c751e8b465ee728b)
Start importing Assets/Terrains/Samples/Terrain Tools/0.1.0-preview/Terrain Assets/TerrainTextures/dirt_mask.tif using Guid(3c6d7b80bcc59ae448166eacd4ad79b0) Importer(815301076,1909f56bfc062723c751e8b465ee728b)  -> (artifact id: '01cb335e29c407f59d0ca41fe24ca384') in 0.033939 seconds 
  Import took 0.040438 seconds .

========================================================================
Received Import Request.
  Time since last request: 0.000464 seconds.
  path: Assets/Terrains/Samples/Terrain Tools/0.1.0-preview/Terrain Assets/TerrainTextures/dirt_normal.tif
  artifactKey: Guid(1ff4687a05ada474ca7eaf3010a871f6) Importer(815301076,1909f56bfc062723c751e8b465ee728b)
Start importing Assets/Terrains/Samples/Terrain Tools/0.1.0-preview/Terrain Assets/TerrainTextures/dirt_normal.tif using Guid(1ff4687a05ada474ca7eaf3010a871f6) Importer(815301076,1909f56bfc062723c751e8b465ee728b)  -> (artifact id: '60157de039cdc2ab8460df45b2b59e59') in 0.028364 seconds 
  Import took 0.031735 seconds .

========================================================================
Received Import Request.
  Time since last request: 0.000090 seconds.
  path: Assets/Terrains/Samples/Terrain Tools/0.1.0-preview/Terrain Assets/TerrainTextures/moss_normal.tif
  artifactKey: Guid(67a70a78d678fb649b5c703cd7dc85c1) Importer(815301076,1909f56bfc062723c751e8b465ee728b)
Start importing Assets/Terrains/Samples/Terrain Tools/0.1.0-preview/Terrain Assets/TerrainTextures/moss_normal.tif using Guid(67a70a78d678fb649b5c703cd7dc85c1) Importer(815301076,1909f56bfc062723c751e8b465ee728b)  -> (artifact id: 'a6256ce5f768699838c575292b3af463') in 0.027055 seconds 
  Import took 0.031606 seconds .

========================================================================
Received Import Request.
  Time since last request: 0.000267 seconds.
  path: Assets/Terrains/Samples/Terrain Tools/0.1.0-preview/Terrain Assets/TerrainTextures/moss_albedo.tif
  artifactKey: Guid(43b54d39e0a4c4d47bef645abec127f1) Importer(815301076,1909f56bfc062723c751e8b465ee728b)
Start importing Assets/Terrains/Samples/Terrain Tools/0.1.0-preview/Terrain Assets/TerrainTextures/moss_albedo.tif using Guid(43b54d39e0a4c4d47bef645abec127f1) Importer(815301076,1909f56bfc062723c751e8b465ee728b)  -> (artifact id: '19ac9f3d0f056fe387986a04b4767f66') in 0.036497 seconds 
  Import took 0.041142 seconds .

========================================================================
Received Import Request.
  Time since last request: 0.000961 seconds.
  path: Assets/Terrains/Samples/Terrain Tools/0.1.0-preview/Terrain Assets/TerrainTextures/rock_normal.tif
  artifactKey: Guid(f45c3bd09301cc64783afc31dfca026b) Importer(815301076,1909f56bfc062723c751e8b465ee728b)
Start importing Assets/Terrains/Samples/Terrain Tools/0.1.0-preview/Terrain Assets/TerrainTextures/rock_normal.tif using Guid(f45c3bd09301cc64783afc31dfca026b) Importer(815301076,1909f56bfc062723c751e8b465ee728b)  -> (artifact id: '6f6dcabc64a9a64fc4d97034bcd5306e') in 0.032211 seconds 
  Import took 0.036406 seconds .

========================================================================
Received Import Request.
  Time since last request: 0.000214 seconds.
  path: Assets/Terrains/Samples/Terrain Tools/0.1.0-preview/Terrain Assets/TerrainTextures/sand_normal.tif
  artifactKey: Guid(dd1ad706663683546b665fd5b0286bbd) Importer(815301076,1909f56bfc062723c751e8b465ee728b)
Start importing Assets/Terrains/Samples/Terrain Tools/0.1.0-preview/Terrain Assets/TerrainTextures/sand_normal.tif using Guid(dd1ad706663683546b665fd5b0286bbd) Importer(815301076,1909f56bfc062723c751e8b465ee728b)  -> (artifact id: '63707614dd49e5983a2e9e7c7ca675f8') in 0.031466 seconds 
  Import took 0.043096 seconds .

========================================================================
Received Import Request.
  Time since last request: 0.001717 seconds.
  path: Assets/Terrains/Samples/Terrain Tools/0.1.0-preview/Terrain Assets/TerrainTextures/snow_albedo.tif
  artifactKey: Guid(0cc0777f7d4a3444380eb084d74396b5) Importer(815301076,1909f56bfc062723c751e8b465ee728b)
Start importing Assets/Terrains/Samples/Terrain Tools/0.1.0-preview/Terrain Assets/TerrainTextures/snow_albedo.tif using Guid(0cc0777f7d4a3444380eb084d74396b5) Importer(815301076,1909f56bfc062723c751e8b465ee728b)  -> (artifact id: 'a4b2c8fc8b1bd34086ab7918dd8eb746') in 0.021064 seconds 
  Import took 0.031286 seconds .

========================================================================
Received Prepare
Registering precompiled user dll's ...
Registered in 0.005920 seconds.
Begin MonoManager ReloadAssembly
Native extension for WindowsStandalone target not found
Refreshing native plugins compatible for Editor in 55.60 ms, found 2 plugins.
Preloading 0 native plugins for Editor in 0.00 ms.
Mono: successfully reloaded assembly
- Completed reload, in  1.766 seconds
Domain Reload Profiling:
	ReloadAssembly (1767ms)
		BeginReloadAssembly (171ms)
			ExecutionOrderSort (0ms)
			DisableScriptedObjects (11ms)
			BackupInstance (0ms)
			ReleaseScriptingObjects (0ms)
			CreateAndSetChildDomain (48ms)
		EndReloadAssembly (1514ms)
			LoadAssemblies (148ms)
			RebuildTransferFunctionScriptingTraits (0ms)
			SetupTypeCache (345ms)
			ReleaseScriptCaches (1ms)
			RebuildScriptCaches (45ms)
			SetupLoadedEditorAssemblies (793ms)
				LogAssemblyErrors (0ms)
				InitializePlatformSupportModulesInManaged (5ms)
				SetLoadedEditorAssemblies (0ms)
				RefreshPlugins (56ms)
				BeforeProcessingInitializeOnLoad (88ms)
				ProcessInitializeOnLoadAttributes (624ms)
				ProcessInitializeOnLoadMethodAttributes (13ms)
				AfterProcessingInitializeOnLoad (7ms)
				EditorAssembliesLoaded (0ms)
			ExecutionOrderSort2 (0ms)
			AwakeInstancesAfterBackupRestoration (15ms)
Platform modules already initialized, skipping
